<?xml version="1.0" encoding="UTF-8"?>
<testsuites name="Customer Portal" time="102" tests="15" failures="0" errors="0">
   <testsuite name="Customer Portal" tests="15" failures="0" errors="0" time="102" timestamp="2018-06-05 11:50:07" hostname="Neethu.v - Neethu-v.Bridgeglobal.local" id="Test Suites/Customer Portal">
      <properties>
         <property name="deviceName" value=""/>
         <property name="devicePlatform" value=""/>
         <property name="logFolder" value="E:\\Ahus-Katalon-Git\\Reports\\Customer Portal\\20180605_114803"/>
         <property name="logFiles" value="E:\\Ahus-Katalon-Git\\Reports\\Customer Portal\\20180605_114803\\execution0.log"/>
         <property name="attachments" value=""/>
         <property name="hostName" value="Neethu.v - Neethu-v.Bridgeglobal.local"/>
         <property name="os" value="Windows 10 64bit"/>
         <property name="katalonVersion" value="5.4.2.1"/>
         <property name="browser" value="Firefox 56.0"/>
         <property name="hostAddress" value="172.16.12.47"/>
         <property name="sessionId" value="7bc33ce5-9883-4d99-8811-6cc2d1dffca4"/>
         <property name="seleniumVersion" value="3.7.1"/>
         <property name="proxyInformation" value="ProxyInformation{proxyOption=NO_PROXY, proxyServerType=HTTP, password=, proxyServerAddress=, proxyServerPort=0}"/>
         <property name="platform" value="Windows 10"/>
      </properties>
      <testcase name="Test Cases/Clear cache" classname="Test Cases/Clear cache" status="PASSED">
         <system-out><![CDATA[2018-06-05 11:50:07 - [TEST_CASE][PASSED] - Test Cases/Clear cache: Test Cases/Clear cache

2018-06-05 11:50:07 - [TEST_STEP][PASSED] - deleteAllCookies: Delete all cookies successfully

2018-06-05 11:50:07 - [MESSAGE][WARNING] - Cannot delete cookies because browser is closed

2018-06-05 11:50:07 - [MESSAGE][PASSED] - Delete all cookies successfully]]></system-out>
         <system-err><![CDATA[]]></system-err>
      </testcase>
      <testcase name="Test Cases/Start page" classname="Test Cases/Start page" status="PASSED">
         <system-out><![CDATA[2018-06-05 11:50:07 - [TEST_CASE][PASSED] - Test Cases/Start page: Test Cases/Start page

2018-06-05 11:50:08 - [TEST_STEP][PASSED] - openBrowser: Browser is opened with url: ''

2018-06-05 11:50:17 - [MESSAGE][PASSED] - Browser is opened with url: ''

2018-06-05 11:50:17 - [TEST_STEP][PASSED] - maximizeWindow: Current window maximized

2018-06-05 11:50:17 - [MESSAGE][PASSED] - Current window maximized

2018-06-05 11:50:17 - [TEST_STEP][PASSED] - navigateToUrl: Navigate to 'http://ahusonline.utv.derome.se/' successfully

2018-06-05 11:50:42 - [MESSAGE][PASSED] - Navigate to 'http://ahusonline.utv.derome.se/' successfully

2018-06-05 11:50:42 - [TEST_STEP][PASSED] - waitForElementVisible: Object 'Object Repository/Element in start page' is visible

2018-06-05 11:50:42 - [MESSAGE][PASSED] - Object 'Object Repository/Element in start page' is visible

2018-06-05 11:50:42 - [TEST_STEP][PASSED] - click: Object: 'Object Repository/Customer registration from HB/Close - strt page popup' is clicked on

2018-06-05 11:50:43 - [MESSAGE][PASSED] - Object: 'Object Repository/Customer registration from HB/Close - strt page popup' is clicked on]]></system-out>
         <system-err><![CDATA[]]></system-err>
      </testcase>
      <testcase name="Test Cases/Customer-Login" classname="Test Cases/Customer-Login" status="PASSED">
         <system-out><![CDATA[2018-06-05 11:50:43 - [TEST_CASE][PASSED] - Test Cases/Customer-Login: Test Cases/Customer-Login

2018-06-05 11:50:43 - [TEST_STEP][PASSED] - click: Object: 'Object Repository/Customer registration from HB/a_Login' is clicked on

2018-06-05 11:50:45 - [MESSAGE][PASSED] - Object: 'Object Repository/Customer registration from HB/a_Login' is clicked on

2018-06-05 11:50:45 - [TEST_STEP][PASSED] - setText: Text 'test@spara.com' is set on object 'Object Repository/Login-username'

2018-06-05 11:50:47 - [MESSAGE][PASSED] - Text 'test@spara.com' is set on object 'Object Repository/Login-username'

2018-06-05 11:50:47 - [TEST_STEP][PASSED] - setText: Text '1234' is set on object 'Object Repository/Login-password'

2018-06-05 11:50:48 - [MESSAGE][PASSED] - Text '1234' is set on object 'Object Repository/Login-password'

2018-06-05 11:50:48 - [TEST_STEP][PASSED] - click: Object: 'Object Repository/button_Logga in' is clicked on

2018-06-05 11:50:48 - [MESSAGE][PASSED] - Object: 'Object Repository/button_Logga in' is clicked on

2018-06-05 11:50:48 - [TEST_STEP][PASSED] - waitForPageLoad: Wait for page load successfully

2018-06-05 11:50:48 - [MESSAGE][PASSED] - Wait for page load successfully]]></system-out>
         <system-err><![CDATA[]]></system-err>
      </testcase>
      <testcase name="Test Cases/Move to Start Page" classname="Test Cases/Move to Start Page" status="PASSED">
         <system-out><![CDATA[2018-06-05 11:50:48 - [TEST_CASE][PASSED] - Test Cases/Move to Start Page: Test Cases/Move to Start Page

2018-06-05 11:50:48 - [TEST_STEP][PASSED] - click: Object: 'Object Repository/Move to home page from logged in' is clicked on

2018-06-05 11:50:48 - [MESSAGE][PASSED] - Object: 'Object Repository/Move to home page from logged in' is clicked on

2018-06-05 11:50:48 - [TEST_STEP][PASSED] - waitForElementVisible: Object 'Object Repository/Element after login from start page' is visible

2018-06-05 11:50:50 - [MESSAGE][PASSED] - Object 'Object Repository/Element after login from start page' is visible]]></system-out>
         <system-err><![CDATA[]]></system-err>
      </testcase>
      <testcase name="Test Cases/Municipality dropdown field-start page" classname="Test Cases/Municipality dropdown field-start page" status="PASSED">
         <system-out><![CDATA[2018-06-05 11:50:50 - [TEST_CASE][PASSED] - Test Cases/Municipality dropdown field-start page: Test Cases/Municipality dropdown field-start page

2018-06-05 11:50:50 - [TEST_STEP][PASSED] - click: Object: 'Object Repository/Start page elements/Municipality select field' is clicked on

2018-06-05 11:50:51 - [MESSAGE][PASSED] - Object: 'Object Repository/Start page elements/Municipality select field' is clicked on]]></system-out>
         <system-err><![CDATA[]]></system-err>
      </testcase>
      <testcase name="Test Cases/Select Municiplality from Start page" classname="Test Cases/Select Municiplality from Start page" status="PASSED">
         <system-out><![CDATA[2018-06-05 11:50:51 - [TEST_CASE][PASSED] - Test Cases/Select Municiplality from Start page: Test Cases/Select Municiplality from Start page

2018-06-05 11:50:51 - [TEST_STEP][PASSED] - click: Object: 'Object Repository/Start page elements/Select Municipality-start page' is clicked on

2018-06-05 11:50:51 - [MESSAGE][PASSED] - Object: 'Object Repository/Start page elements/Select Municipality-start page' is clicked on

2018-06-05 11:50:51 - [TEST_STEP][PASSED] - getText: Text of object 'Object Repository/Start page elements/Select Municipality-start page' is: 'Ale'

2018-06-05 11:51:03 - [MESSAGE][PASSED] - Text of object 'Object Repository/Start page elements/Select Municipality-start page' is: 'Ale']]></system-out>
         <system-err><![CDATA[]]></system-err>
      </testcase>
      <testcase name="Test Cases/Select House From House Listing Page - HB" classname="Test Cases/Select House From House Listing Page - HB" status="PASSED">
         <system-out><![CDATA[2018-06-05 11:51:03 - [TEST_CASE][PASSED] - Test Cases/Select House From House Listing Page - HB: Test Cases/Select House From House Listing Page - HB

2018-06-05 11:51:03 - [TEST_STEP][PASSED] - click: Object: 'Object Repository/House Listing Page/Select House from House listing' is clicked on

2018-06-05 11:51:13 - [MESSAGE][PASSED] - Object: 'Object Repository/House Listing Page/Select House from House listing' is clicked on]]></system-out>
         <system-err><![CDATA[]]></system-err>
      </testcase>
      <testcase name="Test Cases/Make Changes in Configuration - Customer" classname="Test Cases/Make Changes in Configuration - Customer" status="PASSED">
         <system-out><![CDATA[2018-06-05 11:51:13 - [TEST_CASE][PASSED] - Test Cases/Make Changes in Configuration - Customer: Test Cases/Make Changes in Configuration - Customer

2018-06-05 11:51:13 - [TEST_STEP][PASSED] - click: Object: 'Object Repository/Make Changes in Configuration/Configuration change - utvandiga val' is clicked on

2018-06-05 11:51:14 - [MESSAGE][PASSED] - Object: 'Object Repository/Make Changes in Configuration/Configuration change - utvandiga val' is clicked on

2018-06-05 11:51:14 - [TEST_STEP][PASSED] - getText: Text of object 'Object Repository/Make Changes in Configuration/Configuration change - utvandiga val' is: 'VINDSKIVOR OCH FODER'

2018-06-05 11:51:16 - [MESSAGE][PASSED] - Text of object 'Object Repository/Make Changes in Configuration/Configuration change - utvandiga val' is: 'VINDSKIVOR OCH FODER'

2018-06-05 11:51:16 - [TEST_STEP][PASSED] - click: Object: 'Object Repository/Make Changes in Configuration/Select products from categories' is clicked on

2018-06-05 11:51:16 - [MESSAGE][PASSED] - Object: 'Object Repository/Make Changes in Configuration/Select products from categories' is clicked on

2018-06-05 11:51:16 - [TEST_STEP][PASSED] - getText: Text of object 'Object Repository/Make Changes in Configuration/Select products from categories' is: ''

2018-06-05 11:51:16 - [MESSAGE][PASSED] - Text of object 'Object Repository/Make Changes in Configuration/Select products from categories' is: '']]></system-out>
         <system-err><![CDATA[]]></system-err>
      </testcase>
      <testcase name="Test Cases/Save Configuration" classname="Test Cases/Save Configuration" status="PASSED">
         <system-out><![CDATA[2018-06-05 11:51:16 - [TEST_CASE][PASSED] - Test Cases/Save Configuration: Test Cases/Save Configuration

2018-06-05 11:51:16 - [TEST_STEP][PASSED] - waitForPageLoad: Wait for page load successfully

2018-06-05 11:51:16 - [MESSAGE][PASSED] - Wait for page load successfully

2018-06-05 11:51:16 - [TEST_STEP][PASSED] - getText: Text of object 'Object Repository/Save Configuration/Get text From Save Configuration' is: 'Byggsats,'

2018-06-05 11:51:16 - [MESSAGE][PASSED] - Text of object 'Object Repository/Save Configuration/Get text From Save Configuration' is: 'Byggsats,'

2018-06-05 11:51:16 - [TEST_STEP][PASSED] - click: Object: 'Object Repository/Save Configuration/span_Spara' is clicked on

2018-06-05 11:51:16 - [MESSAGE][PASSED] - Object: 'Object Repository/Save Configuration/span_Spara' is clicked on]]></system-out>
         <system-err><![CDATA[]]></system-err>
      </testcase>
      <testcase name="Test Cases/Navigation to Offert Popup" classname="Test Cases/Navigation to Offert Popup" status="PASSED">
         <system-out><![CDATA[2018-06-05 11:51:17 - [TEST_CASE][PASSED] - Test Cases/Navigation to Offert Popup: Test Cases/Navigation to Offert Popup

2018-06-05 11:51:17 - [TEST_STEP][PASSED] - click: Object: 'Object Repository/Move to Offert Popup/Offert Button Click - Offert Popup' is clicked on

2018-06-05 11:51:19 - [MESSAGE][PASSED] - Object: 'Object Repository/Move to Offert Popup/Offert Button Click - Offert Popup' is clicked on]]></system-out>
         <system-err><![CDATA[]]></system-err>
      </testcase>
      <testcase name="Test Cases/Fill into Offert Form" classname="Test Cases/Fill into Offert Form" status="PASSED">
         <system-out><![CDATA[2018-06-05 11:51:19 - [TEST_CASE][PASSED] - Test Cases/Fill into Offert Form: Test Cases/Fill into Offert Form

2018-06-05 11:51:19 - [TEST_STEP][PASSED] - click: Object: 'Object Repository/Fill Offert From/Construction Type RadioButton' is clicked on

2018-06-05 11:51:19 - [MESSAGE][PASSED] - Object: 'Object Repository/Fill Offert From/Construction Type RadioButton' is clicked on

2018-06-05 11:51:19 - [TEST_STEP][PASSED] - click: Object: 'Object Repository/Fill Offert From/Know Seller Before' is clicked on

2018-06-05 11:51:19 - [MESSAGE][PASSED] - Object: 'Object Repository/Fill Offert From/Know Seller Before' is clicked on

2018-06-05 11:51:19 - [TEST_STEP][PASSED] - selectOptionByLabel: All options with label 'neethu v' are selected in object 'Object Repository/Fill Offert From/Click on Seller selection dropdown Field' 

2018-06-05 11:51:20 - [MESSAGE][PASSED] - All options with label 'neethu v' are selected in object 'Object Repository/Fill Offert From/Click on Seller selection dropdown Field' 

2018-06-05 11:51:20 - [TEST_STEP][PASSED] - click: Object: 'Object Repository/Fill Offert From/Send Offer to Seller - Button' is clicked on

2018-06-05 11:51:20 - [MESSAGE][PASSED] - Object: 'Object Repository/Fill Offert From/Send Offer to Seller - Button' is clicked on]]></system-out>
         <system-err><![CDATA[]]></system-err>
      </testcase>
      <testcase name="Test Cases/Accept OFFERTFORFRAGAN popup" classname="Test Cases/Accept OFFERTFORFRAGAN popup" status="PASSED">
         <system-out><![CDATA[2018-06-05 11:51:20 - [TEST_CASE][PASSED] - Test Cases/Accept OFFERTFORFRAGAN popup: Test Cases/Accept OFFERTFORFRAGAN popup

2018-06-05 11:51:20 - [TEST_STEP][PASSED] - click: Object: 'Object Repository/OFFERTFORFRAGAN Popup/Okay Button From OFFERTFORFRAGAN Popup' is clicked on

2018-06-05 11:51:21 - [MESSAGE][PASSED] - Object: 'Object Repository/OFFERTFORFRAGAN Popup/Okay Button From OFFERTFORFRAGAN Popup' is clicked on

2018-06-05 11:51:21 - [TEST_STEP][PASSED] - waitForPageLoad: Wait for page load successfully

2018-06-05 11:51:21 - [MESSAGE][PASSED] - Wait for page load successfully]]></system-out>
         <system-err><![CDATA[]]></system-err>
      </testcase>
      <testcase name="Test Cases/Move to Compilation Page" classname="Test Cases/Move to Compilation Page" status="PASSED">
         <system-out><![CDATA[2018-06-05 11:51:21 - [TEST_CASE][PASSED] - Test Cases/Move to Compilation Page: Test Cases/Move to Compilation Page

2018-06-05 11:51:21 - [TEST_STEP][PASSED] - scrollToElement: Scroll to object 'Object Repository/Click on Visa Offertforfragan/Click on Button_Visa offertfrfrgan' successfully

2018-06-05 11:51:26 - [MESSAGE][PASSED] - Scroll to object 'Object Repository/Click on Visa Offertforfragan/Click on Button_Visa offertfrfrgan' successfully

2018-06-05 11:51:26 - [TEST_STEP][PASSED] - click: Object: 'Object Repository/Click on Visa Offertforfragan/Click on Button_Visa offertfrfrgan' is clicked on

2018-06-05 11:51:28 - [MESSAGE][PASSED] - Object: 'Object Repository/Click on Visa Offertforfragan/Click on Button_Visa offertfrfrgan' is clicked on

2018-06-05 11:51:28 - [TEST_STEP][PASSED] - waitForPageLoad: Wait for page load successfully

2018-06-05 11:51:28 - [MESSAGE][PASSED] - Wait for page load successfully]]></system-out>
         <system-err><![CDATA[]]></system-err>
      </testcase>
      <testcase name="Test Cases/Visit Seller Portal" classname="Test Cases/Visit Seller Portal" status="PASSED">
         <system-out><![CDATA[2018-06-05 11:51:28 - [TEST_CASE][PASSED] - Test Cases/Visit Seller Portal: Test Cases/Visit Seller Portal

2018-06-05 11:51:28 - [TEST_STEP][PASSED] - openBrowser: Browser is opened with url: 'http://ahusonline.utv.derome.se/salj-portal'

2018-06-05 11:51:28 - [MESSAGE][WARNING] - A browser is already opened. Closing browser and opening a new one

2018-06-05 11:51:42 - [MESSAGE][PASSED] - Browser is opened with url: 'http://ahusonline.utv.derome.se/salj-portal'

2018-06-05 11:51:42 - [TEST_STEP][PASSED] - maximizeWindow: Current window maximized

2018-06-05 11:51:42 - [MESSAGE][PASSED] - Current window maximized]]></system-out>
         <system-err><![CDATA[]]></system-err>
      </testcase>
      <testcase name="Test Cases/Seller Login" classname="Test Cases/Seller Login" status="PASSED">
         <system-out><![CDATA[2018-06-05 11:51:42 - [TEST_CASE][PASSED] - Test Cases/Seller Login: Test Cases/Seller Login

2018-06-05 11:51:42 - [TEST_STEP][PASSED] - click: Object: 'Object Repository/Login as Seller/Seller Login - Username' is clicked on

2018-06-05 11:51:42 - [MESSAGE][PASSED] - Object: 'Object Repository/Login as Seller/Seller Login - Username' is clicked on

2018-06-05 11:51:42 - [TEST_STEP][PASSED] - sendKeys: Keys 'neethuv' sent to object: 'Object Repository/Login as Seller/Seller Login - Username'

2018-06-05 11:51:42 - [MESSAGE][PASSED] - Keys 'neethuv' sent to object: 'Object Repository/Login as Seller/Seller Login - Username'

2018-06-05 11:51:42 - [TEST_STEP][PASSED] - click: Object: 'Object Repository/Login as Seller/Seller Login - Password' is clicked on

2018-06-05 11:51:43 - [MESSAGE][PASSED] - Object: 'Object Repository/Login as Seller/Seller Login - Password' is clicked on

2018-06-05 11:51:43 - [TEST_STEP][PASSED] - sendKeys: Keys 'Test12345' sent to object: 'Object Repository/Login as Seller/Seller Login - Password'

2018-06-05 11:51:43 - [MESSAGE][PASSED] - Keys 'Test12345' sent to object: 'Object Repository/Login as Seller/Seller Login - Password'

2018-06-05 11:51:43 - [TEST_STEP][PASSED] - click: Object: 'Object Repository/Login as Seller/Login Button' is clicked on

2018-06-05 11:51:49 - [MESSAGE][PASSED] - Object: 'Object Repository/Login as Seller/Login Button' is clicked on

2018-06-05 11:51:49 - [TEST_STEP][PASSED] - waitForPageLoad: Wait for page load successfully

2018-06-05 11:51:49 - [MESSAGE][PASSED] - Wait for page load successfully]]></system-out>
         <system-err><![CDATA[]]></system-err>
      </testcase>
      <system-out><![CDATA[2018-06-05 11:50:07 - [TEST_SUITE][PASSED] - Customer Portal: Test Cases/Seller Login]]></system-out>
      <system-err><![CDATA[]]></system-err>
   </testsuite>
</testsuites>
