<?xml version="1.0" encoding="UTF-8"?>
<testsuites name="Customer Portal" time="160" tests="8" failures="2" errors="0">
   <testsuite name="Customer Portal" tests="8" failures="2" errors="0" time="160" timestamp="2018-05-08 12:32:21" hostname="Neethu.v - Neethu-v.Bridgeglobal.local" id="Test Suites/Customer Portal">
      <properties>
         <property name="deviceName" value=""/>
         <property name="devicePlatform" value=""/>
         <property name="logFolder" value="E:\\Ahus-Katalon-Git\\Reports\\Customer Portal\\20180508_123220"/>
         <property name="logFiles" value="E:\\Ahus-Katalon-Git\\Reports\\Customer Portal\\20180508_123220\\execution0.log"/>
         <property name="attachments" value="E:\\Ahus-Katalon-Git\\Reports\\Customer Portal\\20180508_123220\\1525763065698.png, E:\\Ahus-Katalon-Git\\Reports\\Customer Portal\\20180508_123220\\1525763101215.png"/>
         <property name="hostName" value="Neethu.v - Neethu-v.Bridgeglobal.local"/>
         <property name="os" value="Windows 10 64bit"/>
         <property name="katalonVersion" value="5.4.1.1"/>
         <property name="browser" value="Firefox 56.0"/>
         <property name="hostAddress" value="172.16.12.25"/>
         <property name="sessionId" value="c57bbcb0-3ccb-4a02-b67a-3ce337dbc234"/>
         <property name="seleniumVersion" value="3.7.1"/>
         <property name="proxyInformation" value="ProxyInformation{proxyOption=NO_PROXY, proxyServerType=HTTP, password=, proxyServerAddress=, proxyServerPort=0}"/>
         <property name="platform" value="Windows 10"/>
      </properties>
      <testcase name="Test Cases/Clear cache" classname="Test Cases/Clear cache" status="PASSED">
         <system-out><![CDATA[2018-05-08 12:32:21 - [TEST_CASE][PASSED] - Test Cases/Clear cache: Test Cases/Clear cache

2018-05-08 12:32:22 - [TEST_STEP][PASSED] - deleteAllCookies: Delete all cookies successfully

2018-05-08 12:32:22 - [MESSAGE][WARNING] - Cannot delete cookies because browser is closed

2018-05-08 12:32:22 - [MESSAGE][PASSED] - Delete all cookies successfully]]></system-out>
         <system-err><![CDATA[]]></system-err>
      </testcase>
      <testcase name="Test Cases/Start page" classname="Test Cases/Start page" status="PASSED">
         <system-out><![CDATA[2018-05-08 12:32:22 - [TEST_CASE][PASSED] - Test Cases/Start page: Test Cases/Start page

2018-05-08 12:32:22 - [TEST_STEP][PASSED] - openBrowser: Browser is opened with url: ''

2018-05-08 12:32:33 - [MESSAGE][PASSED] - Browser is opened with url: ''

2018-05-08 12:32:33 - [TEST_STEP][PASSED] - maximizeWindow: Current window maximized

2018-05-08 12:32:33 - [MESSAGE][PASSED] - Current window maximized

2018-05-08 12:32:33 - [TEST_STEP][PASSED] - navigateToUrl: Navigate to 'http://ahusonline.utv.derome.se/' successfully

2018-05-08 12:32:56 - [MESSAGE][PASSED] - Navigate to 'http://ahusonline.utv.derome.se/' successfully

2018-05-08 12:32:56 - [TEST_STEP][PASSED] - waitForPageLoad: Wait for page load successfully

2018-05-08 12:32:56 - [MESSAGE][PASSED] - Wait for page load successfully

2018-05-08 12:32:56 - [TEST_STEP][PASSED] - click: Object: 'Object Repository/Customer registration from HB/Close - strt page popup' is clicked on

2018-05-08 12:32:56 - [MESSAGE][PASSED] - Object: 'Object Repository/Customer registration from HB/Close - strt page popup' is clicked on]]></system-out>
         <system-err><![CDATA[]]></system-err>
      </testcase>
      <testcase name="Test Cases/Customer-Login" classname="Test Cases/Customer-Login" status="PASSED">
         <system-out><![CDATA[2018-05-08 12:32:56 - [TEST_CASE][PASSED] - Test Cases/Customer-Login: Test Cases/Customer-Login

2018-05-08 12:32:57 - [TEST_STEP][PASSED] - click: Object: 'Object Repository/Customer registration from HB/a_Login' is clicked on

2018-05-08 12:32:59 - [MESSAGE][PASSED] - Object: 'Object Repository/Customer registration from HB/a_Login' is clicked on

2018-05-08 12:32:59 - [TEST_STEP][PASSED] - setText: Text 'neethu@ahus.com' is set on object 'Object Repository/Login-username'

2018-05-08 12:33:01 - [MESSAGE][PASSED] - Text 'neethu@ahus.com' is set on object 'Object Repository/Login-username'

2018-05-08 12:33:01 - [TEST_STEP][PASSED] - setText: Text '1234' is set on object 'Object Repository/Login-password'

2018-05-08 12:33:01 - [MESSAGE][PASSED] - Text '1234' is set on object 'Object Repository/Login-password'

2018-05-08 12:33:01 - [TEST_STEP][PASSED] - click: Object: 'Object Repository/button_Logga in' is clicked on

2018-05-08 12:33:01 - [MESSAGE][PASSED] - Object: 'Object Repository/button_Logga in' is clicked on

2018-05-08 12:33:01 - [TEST_STEP][PASSED] - waitForPageLoad: Wait for page load successfully

2018-05-08 12:33:01 - [MESSAGE][PASSED] - Wait for page load successfully]]></system-out>
         <system-err><![CDATA[]]></system-err>
      </testcase>
      <testcase name="Test Cases/Move to Start Page" classname="Test Cases/Move to Start Page" status="PASSED">
         <system-out><![CDATA[2018-05-08 12:33:01 - [TEST_CASE][PASSED] - Test Cases/Move to Start Page: Test Cases/Move to Start Page

2018-05-08 12:33:01 - [TEST_STEP][PASSED] - click: Object: 'Object Repository/Move to home page from logged in' is clicked on

2018-05-08 12:33:02 - [MESSAGE][PASSED] - Object: 'Object Repository/Move to home page from logged in' is clicked on]]></system-out>
         <system-err><![CDATA[]]></system-err>
      </testcase>
      <testcase name="Test Cases/Municipality dropdown field-start page" classname="Test Cases/Municipality dropdown field-start page" status="PASSED">
         <system-out><![CDATA[2018-05-08 12:33:02 - [TEST_CASE][PASSED] - Test Cases/Municipality dropdown field-start page: Test Cases/Municipality dropdown field-start page

2018-05-08 12:33:02 - [TEST_STEP][PASSED] - click: Object: 'Object Repository/Start page elements/Municipality select field' is clicked on

2018-05-08 12:33:03 - [MESSAGE][PASSED] - Object: 'Object Repository/Start page elements/Municipality select field' is clicked on]]></system-out>
         <system-err><![CDATA[]]></system-err>
      </testcase>
      <testcase name="Test Cases/Select Municiplality from Start page" classname="Test Cases/Select Municiplality from Start page" status="PASSED">
         <system-out><![CDATA[2018-05-08 12:33:03 - [TEST_CASE][PASSED] - Test Cases/Select Municiplality from Start page: Test Cases/Select Municiplality from Start page

2018-05-08 12:33:03 - [TEST_STEP][PASSED] - click: Object: 'Object Repository/Start page elements/Select Municipality-start page' is clicked on

2018-05-08 12:33:04 - [MESSAGE][PASSED] - Object: 'Object Repository/Start page elements/Select Municipality-start page' is clicked on]]></system-out>
         <system-err><![CDATA[]]></system-err>
      </testcase>
      <testcase name="Test Cases/Select House From House Listing Page - HB" classname="Test Cases/Select House From House Listing Page - HB" status="PASSED">
         <system-out><![CDATA[2018-05-08 12:33:04 - [TEST_CASE][PASSED] - Test Cases/Select House From House Listing Page - HB: Test Cases/Select House From House Listing Page - HB

2018-05-08 12:33:04 - [TEST_STEP][PASSED] - click: Object: 'Object Repository/House Listing Page/Select House from House listing' is clicked on

2018-05-08 12:33:51 - [MESSAGE][PASSED] - Object: 'Object Repository/House Listing Page/Select House from House listing' is clicked on]]></system-out>
         <system-err><![CDATA[]]></system-err>
      </testcase>
      <testcase name="Test Cases/Make Changes in Configuration - Customer" classname="Test Cases/Make Changes in Configuration - Customer" status="PASSED">
         <system-out><![CDATA[2018-05-08 12:33:51 - [TEST_CASE][PASSED] - Test Cases/Make Changes in Configuration - Customer: Test Cases/Make Changes in Configuration - Customer

2018-05-08 12:33:51 - [TEST_STEP][PASSED] - click: Object: 'Object Repository/Make Changes in Configuration/Configuration change - utvandiga val' is clicked on

2018-05-08 12:33:51 - [MESSAGE][PASSED] - Object: 'Object Repository/Make Changes in Configuration/Configuration change - utvandiga val' is clicked on

2018-05-08 12:33:51 - [TEST_STEP][PASSED] - click: Object: 'Object Repository/Make Changes in Configuration/Select KOK option From Configuration' is clicked on

2018-05-08 12:33:52 - [MESSAGE][PASSED] - Object: 'Object Repository/Make Changes in Configuration/Select KOK option From Configuration' is clicked on

2018-05-08 12:33:52 - [TEST_STEP][PASSED] - click: Object: 'Object Repository/Make Changes in Configuration/Select INGET KOK from KOK tab' is clicked on

2018-05-08 12:33:52 - [MESSAGE][PASSED] - Object: 'Object Repository/Make Changes in Configuration/Select INGET KOK from KOK tab' is clicked on]]></system-out>
         <system-err><![CDATA[]]></system-err>
      </testcase>
      <testcase name="Test Cases/Save Configuration" classname="Test Cases/Save Configuration" status="FAILED">
         <failure type="FAILED" message="Unable to click on object 'Object Repository/Save Configuration/Save Configuration - Customer' (Root cause: com.kms.katalon.core.webui.exception.WebElementNotFoundException: Web element with id: 'Object Repository/Save Configuration/Save Configuration - Customer' located by 'By.xpath: //span[contains(.,'Spara')]' not found)"/>
         <system-out><![CDATA[2018-05-08 12:33:52 - [TEST_CASE][FAILED] - Test Cases/Save Configuration: Test Cases/Save Configuration FAILED because (of) Unable to click on object 'Object Repository/Save Configuration/Save Configuration - Customer' (Root cause: com.kms.katalon.core.webui.exception.WebElementNotFoundException: Web element with id: 'Object Repository/Save Configuration/Save Configuration - Customer' located by 'By.xpath: //span[contains(.,'Spara')]' not found)

2018-05-08 12:33:52 - [TEST_STEP][FAILED] - click: Unable to click on object 'Object Repository/Save Configuration/Save Configuration - Customer' (Root cause: com.kms.katalon.core.webui.exception.WebElementNotFoundException: Web element with id: 'Object Repository/Save Configuration/Save Configuration - Customer' located by 'By.xpath: //span[contains(.,'Spara')]' not found)

2018-05-08 12:34:26 - [MESSAGE][FAILED] - Unable to click on object 'Object Repository/Save Configuration/Save Configuration - Customer' (Root cause: com.kms.katalon.core.webui.exception.WebElementNotFoundException: Web element with id: 'Object Repository/Save Configuration/Save Configuration - Customer' located by 'By.xpath: //span[contains(.,'Spara')]' not found)
[[ATTACHMENT|E:\\Ahus-Katalon-Git\\Reports\\Customer Portal\\20180508_123220\\1525763065698.png]]]]></system-out>
         <system-err><![CDATA[2018-05-08 12:33:52 - [TEST_CASE][FAILED] - Test Cases/Save Configuration: Test Cases/Save Configuration FAILED because (of) Unable to click on object 'Object Repository/Save Configuration/Save Configuration - Customer' (Root cause: com.kms.katalon.core.webui.exception.WebElementNotFoundException: Web element with id: 'Object Repository/Save Configuration/Save Configuration - Customer' located by 'By.xpath: //span[contains(.,'Spara')]' not found)]]></system-err>
      </testcase>
      <testcase name="Test Cases/Navigation to Offert Popup" classname="Test Cases/Navigation to Offert Popup" status="FAILED">
         <failure type="FAILED" message="Unable to click on object 'Object Repository/Move to Offert Popup/Offert Button Click - Offert Popup' (Root cause: com.kms.katalon.core.webui.exception.WebElementNotFoundException: Web element with id: 'Object Repository/Move to Offert Popup/Offert Button Click - Offert Popup' located by 'By.xpath: //a[(text() = 'Offert' or . = 'Offert')]' not found)"/>
         <system-out><![CDATA[2018-05-08 12:34:26 - [TEST_CASE][FAILED] - Test Cases/Navigation to Offert Popup: Test Cases/Navigation to Offert Popup FAILED because (of) Unable to click on object 'Object Repository/Move to Offert Popup/Offert Button Click - Offert Popup' (Root cause: com.kms.katalon.core.webui.exception.WebElementNotFoundException: Web element with id: 'Object Repository/Move to Offert Popup/Offert Button Click - Offert Popup' located by 'By.xpath: //a[(text() = 'Offert' or . = 'Offert')]' not found)

2018-05-08 12:34:26 - [TEST_STEP][FAILED] - click: Unable to click on object 'Object Repository/Move to Offert Popup/Offert Button Click - Offert Popup' (Root cause: com.kms.katalon.core.webui.exception.WebElementNotFoundException: Web element with id: 'Object Repository/Move to Offert Popup/Offert Button Click - Offert Popup' located by 'By.xpath: //a[(text() = 'Offert' or . = 'Offert')]' not found)

2018-05-08 12:35:02 - [MESSAGE][FAILED] - Unable to click on object 'Object Repository/Move to Offert Popup/Offert Button Click - Offert Popup' (Root cause: com.kms.katalon.core.webui.exception.WebElementNotFoundException: Web element with id: 'Object Repository/Move to Offert Popup/Offert Button Click - Offert Popup' located by 'By.xpath: //a[(text() = 'Offert' or . = 'Offert')]' not found)
[[ATTACHMENT|E:\\Ahus-Katalon-Git\\Reports\\Customer Portal\\20180508_123220\\1525763101215.png]]]]></system-out>
         <system-err><![CDATA[2018-05-08 12:34:26 - [TEST_CASE][FAILED] - Test Cases/Navigation to Offert Popup: Test Cases/Navigation to Offert Popup FAILED because (of) Unable to click on object 'Object Repository/Move to Offert Popup/Offert Button Click - Offert Popup' (Root cause: com.kms.katalon.core.webui.exception.WebElementNotFoundException: Web element with id: 'Object Repository/Move to Offert Popup/Offert Button Click - Offert Popup' located by 'By.xpath: //a[(text() = 'Offert' or . = 'Offert')]' not found)]]></system-err>
      </testcase>
      <system-out><![CDATA[2018-05-08 12:32:21 - [TEST_SUITE][FAILED] - Customer Portal: Test Cases/Save Configuration FAILED because (of) Unable to click on object 'Object Repository/Save Configuration/Save Configuration - Customer' (Root cause: com.kms.katalon.core.webui.exception.WebElementNotFoundException: Web element with id: 'Object Repository/Save Configuration/Save Configuration - Customer' located by 'By.xpath: //span[contains(.,'Spara')]' not found)]]></system-out>
      <system-err><![CDATA[2018-05-08 12:32:21 - [TEST_SUITE][FAILED] - Customer Portal: Test Cases/Save Configuration FAILED because (of) Unable to click on object 'Object Repository/Save Configuration/Save Configuration - Customer' (Root cause: com.kms.katalon.core.webui.exception.WebElementNotFoundException: Web element with id: 'Object Repository/Save Configuration/Save Configuration - Customer' located by 'By.xpath: //span[contains(.,'Spara')]' not found)]]></system-err>
   </testsuite>
</testsuites>
