<?xml version="1.0" encoding="UTF-8"?>
<testsuites name="Customer Portal" time="99" tests="8" failures="1" errors="0">
   <testsuite name="Customer Portal" tests="8" failures="1" errors="0" time="99" timestamp="2018-05-08 12:01:57" hostname="Neethu.v - Neethu-v.Bridgeglobal.local" id="Test Suites/Customer Portal">
      <properties>
         <property name="deviceName" value=""/>
         <property name="devicePlatform" value=""/>
         <property name="logFolder" value="E:\\Ahus-Katalon-Git\\Reports\\Customer Portal\\20180508_120155"/>
         <property name="logFiles" value="E:\\Ahus-Katalon-Git\\Reports\\Customer Portal\\20180508_120155\\execution0.log"/>
         <property name="attachments" value="E:\\Ahus-Katalon-Git\\Reports\\Customer Portal\\20180508_120155\\1525761215643.png"/>
         <property name="hostName" value="Neethu.v - Neethu-v.Bridgeglobal.local"/>
         <property name="os" value="Windows 10 64bit"/>
         <property name="katalonVersion" value="5.4.1.1"/>
         <property name="browser" value="Firefox 56.0"/>
         <property name="hostAddress" value="172.16.12.25"/>
         <property name="sessionId" value="d1adc921-041b-4c4b-9510-ff6d6fa0632d"/>
         <property name="seleniumVersion" value="3.7.1"/>
         <property name="proxyInformation" value="ProxyInformation{proxyOption=NO_PROXY, proxyServerType=HTTP, password=, proxyServerAddress=, proxyServerPort=0}"/>
         <property name="platform" value="Windows 10"/>
      </properties>
      <testcase name="Test Cases/Clear cache" classname="Test Cases/Clear cache" status="PASSED">
         <system-out><![CDATA[2018-05-08 12:01:57 - [TEST_CASE][PASSED] - Test Cases/Clear cache: Test Cases/Clear cache

2018-05-08 12:01:57 - [TEST_STEP][PASSED] - deleteAllCookies: Delete all cookies successfully

2018-05-08 12:01:57 - [MESSAGE][WARNING] - Cannot delete cookies because browser is closed

2018-05-08 12:01:57 - [MESSAGE][PASSED] - Delete all cookies successfully]]></system-out>
         <system-err><![CDATA[]]></system-err>
      </testcase>
      <testcase name="Test Cases/Start page" classname="Test Cases/Start page" status="PASSED">
         <system-out><![CDATA[2018-05-08 12:01:57 - [TEST_CASE][PASSED] - Test Cases/Start page: Test Cases/Start page

2018-05-08 12:01:57 - [TEST_STEP][PASSED] - openBrowser: Browser is opened with url: ''

2018-05-08 12:02:08 - [MESSAGE][PASSED] - Browser is opened with url: ''

2018-05-08 12:02:08 - [TEST_STEP][PASSED] - maximizeWindow: Current window maximized

2018-05-08 12:02:08 - [MESSAGE][PASSED] - Current window maximized

2018-05-08 12:02:08 - [TEST_STEP][PASSED] - navigateToUrl: Navigate to 'http://ahusonline.utv.derome.se/' successfully

2018-05-08 12:02:32 - [MESSAGE][PASSED] - Navigate to 'http://ahusonline.utv.derome.se/' successfully

2018-05-08 12:02:32 - [TEST_STEP][PASSED] - waitForPageLoad: Wait for page load successfully

2018-05-08 12:02:32 - [MESSAGE][PASSED] - Wait for page load successfully

2018-05-08 12:02:32 - [TEST_STEP][PASSED] - click: Object: 'Object Repository/Customer registration from HB/Close - strt page popup' is clicked on

2018-05-08 12:02:32 - [MESSAGE][PASSED] - Object: 'Object Repository/Customer registration from HB/Close - strt page popup' is clicked on]]></system-out>
         <system-err><![CDATA[]]></system-err>
      </testcase>
      <testcase name="Test Cases/Customer-Login" classname="Test Cases/Customer-Login" status="PASSED">
         <system-out><![CDATA[2018-05-08 12:02:32 - [TEST_CASE][PASSED] - Test Cases/Customer-Login: Test Cases/Customer-Login

2018-05-08 12:02:32 - [TEST_STEP][PASSED] - click: Object: 'Object Repository/Customer registration from HB/a_Login' is clicked on

2018-05-08 12:02:34 - [MESSAGE][PASSED] - Object: 'Object Repository/Customer registration from HB/a_Login' is clicked on

2018-05-08 12:02:34 - [TEST_STEP][PASSED] - setText: Text 'neethu@ahus.com' is set on object 'Object Repository/Login-username'

2018-05-08 12:02:36 - [MESSAGE][PASSED] - Text 'neethu@ahus.com' is set on object 'Object Repository/Login-username'

2018-05-08 12:02:36 - [TEST_STEP][PASSED] - setText: Text '1234' is set on object 'Object Repository/Login-password'

2018-05-08 12:02:36 - [MESSAGE][PASSED] - Text '1234' is set on object 'Object Repository/Login-password'

2018-05-08 12:02:36 - [TEST_STEP][PASSED] - click: Object: 'Object Repository/button_Logga in' is clicked on

2018-05-08 12:02:36 - [MESSAGE][PASSED] - Object: 'Object Repository/button_Logga in' is clicked on

2018-05-08 12:02:36 - [TEST_STEP][PASSED] - waitForPageLoad: Wait for page load successfully

2018-05-08 12:02:36 - [MESSAGE][PASSED] - Wait for page load successfully]]></system-out>
         <system-err><![CDATA[]]></system-err>
      </testcase>
      <testcase name="Test Cases/Move to Start Page" classname="Test Cases/Move to Start Page" status="PASSED">
         <system-out><![CDATA[2018-05-08 12:02:36 - [TEST_CASE][PASSED] - Test Cases/Move to Start Page: Test Cases/Move to Start Page

2018-05-08 12:02:37 - [TEST_STEP][PASSED] - click: Object: 'Object Repository/Move to home page from logged in' is clicked on

2018-05-08 12:02:37 - [MESSAGE][PASSED] - Object: 'Object Repository/Move to home page from logged in' is clicked on]]></system-out>
         <system-err><![CDATA[]]></system-err>
      </testcase>
      <testcase name="Test Cases/Municipality dropdown field-start page" classname="Test Cases/Municipality dropdown field-start page" status="PASSED">
         <system-out><![CDATA[2018-05-08 12:02:37 - [TEST_CASE][PASSED] - Test Cases/Municipality dropdown field-start page: Test Cases/Municipality dropdown field-start page

2018-05-08 12:02:37 - [TEST_STEP][PASSED] - click: Object: 'Object Repository/Start page elements/Municipality select field' is clicked on

2018-05-08 12:02:39 - [MESSAGE][PASSED] - Object: 'Object Repository/Start page elements/Municipality select field' is clicked on]]></system-out>
         <system-err><![CDATA[]]></system-err>
      </testcase>
      <testcase name="Test Cases/Select Municiplality from Start page" classname="Test Cases/Select Municiplality from Start page" status="PASSED">
         <system-out><![CDATA[2018-05-08 12:02:39 - [TEST_CASE][PASSED] - Test Cases/Select Municiplality from Start page: Test Cases/Select Municiplality from Start page

2018-05-08 12:02:39 - [TEST_STEP][PASSED] - click: Object: 'Object Repository/Start page elements/Select Municipality-start page' is clicked on

2018-05-08 12:02:39 - [MESSAGE][PASSED] - Object: 'Object Repository/Start page elements/Select Municipality-start page' is clicked on]]></system-out>
         <system-err><![CDATA[]]></system-err>
      </testcase>
      <testcase name="Test Cases/Select House From House Listing Page - HB" classname="Test Cases/Select House From House Listing Page - HB" status="PASSED">
         <system-out><![CDATA[2018-05-08 12:02:39 - [TEST_CASE][PASSED] - Test Cases/Select House From House Listing Page - HB: Test Cases/Select House From House Listing Page - HB

2018-05-08 12:02:39 - [TEST_STEP][PASSED] - click: Object: 'Object Repository/House Listing Page/Select House from House listing' is clicked on

2018-05-08 12:02:59 - [MESSAGE][PASSED] - Object: 'Object Repository/House Listing Page/Select House from House listing' is clicked on]]></system-out>
         <system-err><![CDATA[]]></system-err>
      </testcase>
      <testcase name="Test Cases/Make Changes in Configuration - Customer" classname="Test Cases/Make Changes in Configuration - Customer" status="PASSED">
         <system-out><![CDATA[2018-05-08 12:02:59 - [TEST_CASE][PASSED] - Test Cases/Make Changes in Configuration - Customer: Test Cases/Make Changes in Configuration - Customer

2018-05-08 12:02:59 - [TEST_STEP][PASSED] - click: Object: 'Object Repository/Make Changes in Configuration/Configuration change - utvandiga val' is clicked on

2018-05-08 12:02:59 - [MESSAGE][PASSED] - Object: 'Object Repository/Make Changes in Configuration/Configuration change - utvandiga val' is clicked on

2018-05-08 12:02:59 - [TEST_STEP][PASSED] - click: Object: 'Object Repository/Make Changes in Configuration/Select KOK option From Configuration' is clicked on

2018-05-08 12:03:01 - [MESSAGE][PASSED] - Object: 'Object Repository/Make Changes in Configuration/Select KOK option From Configuration' is clicked on

2018-05-08 12:03:01 - [TEST_STEP][PASSED] - click: Object: 'Object Repository/Make Changes in Configuration/Select INGET KOK from KOK tab' is clicked on

2018-05-08 12:03:02 - [MESSAGE][PASSED] - Object: 'Object Repository/Make Changes in Configuration/Select INGET KOK from KOK tab' is clicked on]]></system-out>
         <system-err><![CDATA[]]></system-err>
      </testcase>
      <testcase name="Test Cases/Save Configuration" classname="Test Cases/Save Configuration" status="FAILED">
         <failure type="FAILED" message="Unable to click on object 'Object Repository/Save Configuration/Save Configuration - Customer' (Root cause: com.kms.katalon.core.webui.exception.WebElementNotFoundException: Web element with id: 'Object Repository/Save Configuration/Save Configuration - Customer' located by 'By.xpath: //a[(text() = '         Spara  / G책 vidare     ' or . = '         Spara  / G책 vidare     ')]' not found)"/>
         <system-out><![CDATA[2018-05-08 12:03:02 - [TEST_CASE][FAILED] - Test Cases/Save Configuration: Test Cases/Save Configuration FAILED because (of) Unable to click on object 'Object Repository/Save Configuration/Save Configuration - Customer' (Root cause: com.kms.katalon.core.webui.exception.WebElementNotFoundException: Web element with id: 'Object Repository/Save Configuration/Save Configuration - Customer' located by 'By.xpath: //a[(text() = '         Spara  / G책 vidare     ' or . = '         Spara  / G책 vidare     ')]' not found)

2018-05-08 12:03:02 - [TEST_STEP][FAILED] - click: Unable to click on object 'Object Repository/Save Configuration/Save Configuration - Customer' (Root cause: com.kms.katalon.core.webui.exception.WebElementNotFoundException: Web element with id: 'Object Repository/Save Configuration/Save Configuration - Customer' located by 'By.xpath: //a[(text() = '         Spara  / G책 vidare     ' or . = '         Spara  / G책 vidare     ')]' not found)

2018-05-08 12:03:36 - [MESSAGE][FAILED] - Unable to click on object 'Object Repository/Save Configuration/Save Configuration - Customer' (Root cause: com.kms.katalon.core.webui.exception.WebElementNotFoundException: Web element with id: 'Object Repository/Save Configuration/Save Configuration - Customer' located by 'By.xpath: //a[(text() = '         Spara  / G책 vidare     ' or . = '         Spara  / G책 vidare     ')]' not found)
[[ATTACHMENT|E:\\Ahus-Katalon-Git\\Reports\\Customer Portal\\20180508_120155\\1525761215643.png]]]]></system-out>
         <system-err><![CDATA[2018-05-08 12:03:02 - [TEST_CASE][FAILED] - Test Cases/Save Configuration: Test Cases/Save Configuration FAILED because (of) Unable to click on object 'Object Repository/Save Configuration/Save Configuration - Customer' (Root cause: com.kms.katalon.core.webui.exception.WebElementNotFoundException: Web element with id: 'Object Repository/Save Configuration/Save Configuration - Customer' located by 'By.xpath: //a[(text() = '         Spara  / G책 vidare     ' or . = '         Spara  / G책 vidare     ')]' not found)]]></system-err>
      </testcase>
      <system-out><![CDATA[2018-05-08 12:01:57 - [TEST_SUITE][FAILED] - Customer Portal: Test Cases/Save Configuration FAILED because (of) Unable to click on object 'Object Repository/Save Configuration/Save Configuration - Customer' (Root cause: com.kms.katalon.core.webui.exception.WebElementNotFoundException: Web element with id: 'Object Repository/Save Configuration/Save Configuration - Customer' located by 'By.xpath: //a[(text() = '         Spara  / G책 vidare     ' or . = '         Spara  / G책 vidare     ')]' not found)]]></system-out>
      <system-err><![CDATA[2018-05-08 12:01:57 - [TEST_SUITE][FAILED] - Customer Portal: Test Cases/Save Configuration FAILED because (of) Unable to click on object 'Object Repository/Save Configuration/Save Configuration - Customer' (Root cause: com.kms.katalon.core.webui.exception.WebElementNotFoundException: Web element with id: 'Object Repository/Save Configuration/Save Configuration - Customer' located by 'By.xpath: //a[(text() = '         Spara  / G책 vidare     ' or . = '         Spara  / G책 vidare     ')]' not found)]]></system-err>
   </testsuite>
</testsuites>
