<?xml version="1.0" encoding="UTF-8"?>
<testsuites name="Customer Portal" time="225" tests="4" failures="6" errors="0">
   <testsuite name="Customer Portal" tests="4" failures="6" errors="0" time="225" timestamp="2018-05-08 12:21:24" hostname="Neethu.v - Neethu-v.Bridgeglobal.local" id="Test Suites/Customer Portal">
      <properties>
         <property name="deviceName" value=""/>
         <property name="devicePlatform" value=""/>
         <property name="logFolder" value="E:\\Ahus-Katalon-Git\\Reports\\Customer Portal\\20180508_122123"/>
         <property name="logFiles" value="E:\\Ahus-Katalon-Git\\Reports\\Customer Portal\\20180508_122123\\execution0.log"/>
         <property name="attachments" value="E:\\Ahus-Katalon-Git\\Reports\\Customer Portal\\20180508_122123\\1525762352319.png, E:\\Ahus-Katalon-Git\\Reports\\Customer Portal\\20180508_122123\\1525762383841.png, E:\\Ahus-Katalon-Git\\Reports\\Customer Portal\\20180508_122123\\1525762415297.png, E:\\Ahus-Katalon-Git\\Reports\\Customer Portal\\20180508_122123\\1525762446747.png, E:\\Ahus-Katalon-Git\\Reports\\Customer Portal\\20180508_122123\\1525762478563.png, E:\\Ahus-Katalon-Git\\Reports\\Customer Portal\\20180508_122123\\1525762509893.png"/>
         <property name="hostName" value="Neethu.v - Neethu-v.Bridgeglobal.local"/>
         <property name="os" value="Windows 10 64bit"/>
         <property name="katalonVersion" value="5.4.1.1"/>
         <property name="browser" value="Chrome 66.0.3359.139"/>
         <property name="hostAddress" value="172.16.12.25"/>
         <property name="sessionId" value="34806e0b2e819394b64e7d96664402b8"/>
         <property name="seleniumVersion" value="3.7.1"/>
         <property name="proxyInformation" value="ProxyInformation{proxyOption=NO_PROXY, proxyServerType=HTTP, password=, proxyServerAddress=, proxyServerPort=0}"/>
         <property name="platform" value="Windows 10"/>
      </properties>
      <testcase name="Test Cases/Clear cache" classname="Test Cases/Clear cache" status="PASSED">
         <system-out><![CDATA[2018-05-08 12:21:25 - [TEST_CASE][PASSED] - Test Cases/Clear cache: Test Cases/Clear cache

2018-05-08 12:21:25 - [TEST_STEP][PASSED] - deleteAllCookies: Delete all cookies successfully

2018-05-08 12:21:25 - [MESSAGE][WARNING] - Cannot delete cookies because browser is closed

2018-05-08 12:21:25 - [MESSAGE][PASSED] - Delete all cookies successfully]]></system-out>
         <system-err><![CDATA[]]></system-err>
      </testcase>
      <testcase name="Test Cases/Start page" classname="Test Cases/Start page" status="PASSED">
         <system-out><![CDATA[2018-05-08 12:21:25 - [TEST_CASE][PASSED] - Test Cases/Start page: Test Cases/Start page

2018-05-08 12:21:26 - [TEST_STEP][PASSED] - openBrowser: Browser is opened with url: ''

2018-05-08 12:21:29 - [MESSAGE][PASSED] - Browser is opened with url: ''

2018-05-08 12:21:29 - [TEST_STEP][PASSED] - maximizeWindow: Current window maximized

2018-05-08 12:21:30 - [MESSAGE][PASSED] - Current window maximized

2018-05-08 12:21:30 - [TEST_STEP][PASSED] - navigateToUrl: Navigate to 'http://ahusonline.utv.derome.se/' successfully

2018-05-08 12:21:46 - [MESSAGE][PASSED] - Navigate to 'http://ahusonline.utv.derome.se/' successfully

2018-05-08 12:21:46 - [TEST_STEP][PASSED] - waitForPageLoad: Wait for page load successfully

2018-05-08 12:21:46 - [MESSAGE][PASSED] - Wait for page load successfully

2018-05-08 12:21:46 - [TEST_STEP][PASSED] - click: Object: 'Object Repository/Customer registration from HB/Close - strt page popup' is clicked on

2018-05-08 12:21:57 - [MESSAGE][PASSED] - Object: 'Object Repository/Customer registration from HB/Close - strt page popup' is clicked on]]></system-out>
         <system-err><![CDATA[]]></system-err>
      </testcase>
      <testcase name="Test Cases/Customer-Login" classname="Test Cases/Customer-Login" status="PASSED">
         <system-out><![CDATA[2018-05-08 12:21:57 - [TEST_CASE][PASSED] - Test Cases/Customer-Login: Test Cases/Customer-Login

2018-05-08 12:21:57 - [TEST_STEP][PASSED] - click: Object: 'Object Repository/Customer registration from HB/a_Login' is clicked on

2018-05-08 12:21:59 - [MESSAGE][PASSED] - Object: 'Object Repository/Customer registration from HB/a_Login' is clicked on

2018-05-08 12:21:59 - [TEST_STEP][PASSED] - setText: Text 'neethu@ahus.com' is set on object 'Object Repository/Login-username'

2018-05-08 12:21:59 - [MESSAGE][PASSED] - Text 'neethu@ahus.com' is set on object 'Object Repository/Login-username'

2018-05-08 12:21:59 - [TEST_STEP][PASSED] - setText: Text '1234' is set on object 'Object Repository/Login-password'

2018-05-08 12:21:59 - [MESSAGE][PASSED] - Text '1234' is set on object 'Object Repository/Login-password'

2018-05-08 12:21:59 - [TEST_STEP][PASSED] - click: Object: 'Object Repository/button_Logga in' is clicked on

2018-05-08 12:21:59 - [MESSAGE][PASSED] - Object: 'Object Repository/button_Logga in' is clicked on

2018-05-08 12:21:59 - [TEST_STEP][PASSED] - waitForPageLoad: Wait for page load successfully

2018-05-08 12:21:59 - [MESSAGE][PASSED] - Wait for page load successfully]]></system-out>
         <system-err><![CDATA[]]></system-err>
      </testcase>
      <testcase name="Test Cases/Move to Start Page" classname="Test Cases/Move to Start Page" status="PASSED">
         <system-out><![CDATA[2018-05-08 12:21:59 - [TEST_CASE][PASSED] - Test Cases/Move to Start Page: Test Cases/Move to Start Page

2018-05-08 12:22:00 - [TEST_STEP][PASSED] - click: Object: 'Object Repository/Move to home page from logged in' is clicked on

2018-05-08 12:22:00 - [MESSAGE][PASSED] - Object: 'Object Repository/Move to home page from logged in' is clicked on]]></system-out>
         <system-err><![CDATA[]]></system-err>
      </testcase>
      <testcase name="Test Cases/Municipality dropdown field-start page" classname="Test Cases/Municipality dropdown field-start page" status="FAILED">
         <failure type="FAILED" message="Unable to click on object 'Object Repository/Start page elements/Municipality select field' (Root cause: com.kms.katalon.core.webui.exception.WebElementNotFoundException: Web element with id: 'Object Repository/Start page elements/Municipality select field' located by 'By.xpath: //select[@name = 'BuildMunicipality' and (text() = '
        -- Välj --

            
                    Norrköping-Björkalund
                    Uppsala - Kumla trädgårdsgata
                    Varberg - Smeakalles äng
            

        
                Ale
                Alingsås
                Alvesta
                Arboga
                Arvika
                Askersund
                Avesta
                Bengtsfors
                Bjurholm
                Bjuv
                Boden
                Bollebygd
                Bollnäs
                Borgholm
                Borlänge
                Borås
                Botkyrka
                Boxholm
                Bromölla
                Bräcke
                Burlöv
                Båstad
                Dals-Ed
                Danderyd
                Degerfors
                Eda
                Ekerö
                Eksjö
                Emmaboda
                Enköping
                Eskilstuna
                Eslöv
                Essunga
                Fagersta
                Falkenberg
                Falköping
                Falun
                Filipstad
                Finspång
                Flen
                Forshaga
                Färgelanda
                Gagnef
                Gislaved
                Gnesta
                Gnosjö
                Gotland
                Grums
                Grästorp
                Gullspång
                Gävle
                Göteborg
                Götene
                Habo
                Hagfors
                Hallsberg
                Hallstahammar
                Halmstad
                Hammarö
                Haninge
                Heby
                Hedemora
                Helsingborg
                Herrljunga
                Hjo
                Hofors
                Huddinge
                Hudiksvall
                Hultsfred
                Hylte
                Håbo
                Hällefors
                Härnösand
                Härryda
                Hässleholm
                Höganäs
                Högsby
                Hörby
                Höör
                Järfälla
                Jönköping
                Kalmar
                Karlsborg
                Karlshamn
                Karlskoga
                Karlskrona
                Karlstad
                Katrineholm
                Kil
                Kinda
                Klippan
                Knivsta
                Kramfors
                Kristianstad
                Kristinehamn
                Kumla
                Kungsbacka
                Kungsör
                Kungälv
                Kävlinge
                Köping
                Laholm
                Landskrona
                Laxå
                Lekeberg
                Leksand
                Lerum
                Lessebo
                Lidingö
                Lidköping
                Lilla Edet
                Lindesberg
                Linköping
                Ljungby
                Ljusnarsberg
                Lomma
                Ludvika
                Luleå
                Lund
                Lycksele
                Lysekil
                Malmö
                Malung
                Mariestad
                Mark
                Markaryd
                Mellerud
                Mjölby
                Mora
                Motala
                Mullsjö
                Munkedal
                Munkfors
                Mölndal
                Mönsterås
                Mörbylånga
                Nacka
                Nora
                Norberg
                Nordmaling
                Norrköping
                Norrtälje
                Norsjö
                Nybro
                Nykvarn
                Nyköping
                Nynäshamn
                Nässjö
                Ockelbo
                Olofström
                Orust
                Osby
                Oskarshamn
                Ovanåker
                Oxelösund
                Partille
                Perstorp
                Piteå
                Ragunda
                Robertsfors
                Ronneby
                Rättvik
                Sala
                Salem
                Sandviken
                Sigtuna
                Simrishamn
                Sjöbo
                Skara
                Skellefteå
                Skinnskatteberg
                Skurup
                Skövde
                Smedjebacken
                Sollefteå
                Sollentuna
                Solna
                Sotenäs
                Staffanstorp
                Stenungsund
                Stockholm
                Storfors
                Strängnäs
                Strömstad
                Sundbyberg
                Sundsvall
                Sunne
                Surahammar
                Svalöv
                Svedala
                Svenljunga
                Säffle
                Säter
                Sävsjö
                Söderhamn
                Söderköping
                Södertälje
                Sölvesborg
                Tanum
                Tibro
                Tidaholm
                Tierp
                Timrå
                Tingsryd
                Tjörn
                Tomelilla
                Torsby
                Torsås
                Tranemo
                Tranås
                Trelleborg
                Trollhättan
                Trosa
                Tyresö
                Täby
                Töreboda
                Uddevalla
                Ulricehamn
                Umeå
                Upplands Väsby
                Upplands-Bro
                Uppsala
                Uppvidinge
                Vadstena
                Vaggeryd
                Valdemarsvik
                Vallentuna
                Vansbro
                Vara
                Varberg
                Vaxholm
                Vellinge
                Vetlanda
                Vimmerby
                Vindeln
                Vingåker
                Vårgårda
                Vänersborg
                Vännäs
                Värmdö
                Värnamo
                Västervik
                Västerås
                Växjö
                Ydre
                Ystad
                Åmål
                Ånge
                Årjäng
                Åsele
                Åstorp
                Åtvidaberg
                Älmhult
                Älvkarleby
                Ängelholm
                Öckerö
                Ödeshög
                Örebro
                Örkelljunga
                Örnsköldsvik
                Östersund
                Österåker
                Östhammar
                Östra Göinge
        
    ' or . = '
        -- Välj --

            
                    Norrköping-Björkalund
                    Uppsala - Kumla trädgårdsgata
                    Varberg - Smeakalles äng
            

        
                Ale
                Alingsås
                Alvesta
                Arboga
                Arvika
                Askersund
                Avesta
                Bengtsfors
                Bjurholm
                Bjuv
                Boden
                Bollebygd
                Bollnäs
                Borgholm
                Borlänge
                Borås
                Botkyrka
                Boxholm
                Bromölla
                Bräcke
                Burlöv
                Båstad
                Dals-Ed
                Danderyd
                Degerfors
                Eda
                Ekerö
                Eksjö
                Emmaboda
                Enköping
                Eskilstuna
                Eslöv
                Essunga
                Fagersta
                Falkenberg
                Falköping
                Falun
                Filipstad
                Finspång
                Flen
                Forshaga
                Färgelanda
                Gagnef
                Gislaved
                Gnesta
                Gnosjö
                Gotland
                Grums
                Grästorp
                Gullspång
                Gävle
                Göteborg
                Götene
                Habo
                Hagfors
                Hallsberg
                Hallstahammar
                Halmstad
                Hammarö
                Haninge
                Heby
                Hedemora
                Helsingborg
                Herrljunga
                Hjo
                Hofors
                Huddinge
                Hudiksvall
                Hultsfred
                Hylte
                Håbo
                Hällefors
                Härnösand
                Härryda
                Hässleholm
                Höganäs
                Högsby
                Hörby
                Höör
                Järfälla
                Jönköping
                Kalmar
                Karlsborg
                Karlshamn
                Karlskoga
                Karlskrona
                Karlstad
                Katrineholm
                Kil
                Kinda
                Klippan
                Knivsta
                Kramfors
                Kristianstad
                Kristinehamn
                Kumla
                Kungsbacka
                Kungsör
                Kungälv
                Kävlinge
                Köping
                Laholm
                Landskrona
                Laxå
                Lekeberg
                Leksand
                Lerum
                Lessebo
                Lidingö
                Lidköping
                Lilla Edet
                Lindesberg
                Linköping
                Ljungby
                Ljusnarsberg
                Lomma
                Ludvika
                Luleå
                Lund
                Lycksele
                Lysekil
                Malmö
                Malung
                Mariestad
                Mark
                Markaryd
                Mellerud
                Mjölby
                Mora
                Motala
                Mullsjö
                Munkedal
                Munkfors
                Mölndal
                Mönsterås
                Mörbylånga
                Nacka
                Nora
                Norberg
                Nordmaling
                Norrköping
                Norrtälje
                Norsjö
                Nybro
                Nykvarn
                Nyköping
                Nynäshamn
                Nässjö
                Ockelbo
                Olofström
                Orust
                Osby
                Oskarshamn
                Ovanåker
                Oxelösund
                Partille
                Perstorp
                Piteå
                Ragunda
                Robertsfors
                Ronneby
                Rättvik
                Sala
                Salem
                Sandviken
                Sigtuna
                Simrishamn
                Sjöbo
                Skara
                Skellefteå
                Skinnskatteberg
                Skurup
                Skövde
                Smedjebacken
                Sollefteå
                Sollentuna
                Solna
                Sotenäs
                Staffanstorp
                Stenungsund
                Stockholm
                Storfors
                Strängnäs
                Strömstad
                Sundbyberg
                Sundsvall
                Sunne
                Surahammar
                Svalöv
                Svedala
                Svenljunga
                Säffle
                Säter
                Sävsjö
                Söderhamn
                Söderköping
                Södertälje
                Sölvesborg
                Tanum
                Tibro
                Tidaholm
                Tierp
                Timrå
                Tingsryd
                Tjörn
                Tomelilla
                Torsby
                Torsås
                Tranemo
                Tranås
                Trelleborg
                Trollhättan
                Trosa
                Tyresö
                Täby
                Töreboda
                Uddevalla
                Ulricehamn
                Umeå
                Upplands Väsby
                Upplands-Bro
                Uppsala
                Uppvidinge
                Vadstena
                Vaggeryd
                Valdemarsvik
                Vallentuna
                Vansbro
                Vara
                Varberg
                Vaxholm
                Vellinge
                Vetlanda
                Vimmerby
                Vindeln
                Vingåker
                Vårgårda
                Vänersborg
                Vännäs
                Värmdö
                Värnamo
                Västervik
                Västerås
                Växjö
                Ydre
                Ystad
                Åmål
                Ånge
                Årjäng
                Åsele
                Åstorp
                Åtvidaberg
                Älmhult
                Älvkarleby
                Ängelholm
                Öckerö
                Ödeshög
                Örebro
                Örkelljunga
                Örnsköldsvik
                Östersund
                Österåker
                Östhammar
                Östra Göinge
        
    ')]' not found)"/>
         <system-out><![CDATA[2018-05-08 12:22:00 - [TEST_CASE][FAILED] - Test Cases/Municipality dropdown field-start page: Test Cases/Municipality dropdown field-start page FAILED because (of) Unable to click on object 'Object Repository/Start page elements/Municipality select field' (Root cause: com.kms.katalon.core.webui.exception.WebElementNotFoundException: Web element with id: 'Object Repository/Start page elements/Municipality select field' located by 'By.xpath: //select[@name = 'BuildMunicipality' and (text() = '
        -- Välj --

            
                    Norrköping-Björkalund
                    Uppsala - Kumla trädgårdsgata
                    Varberg - Smeakalles äng
            

        
                Ale
                Alingsås
                Alvesta
                Arboga
                Arvika
                Askersund
                Avesta
                Bengtsfors
                Bjurholm
                Bjuv
                Boden
                Bollebygd
                Bollnäs
                Borgholm
                Borlänge
                Borås
                Botkyrka
                Boxholm
                Bromölla
                Bräcke
                Burlöv
                Båstad
                Dals-Ed
                Danderyd
                Degerfors
                Eda
                Ekerö
                Eksjö
                Emmaboda
                Enköping
                Eskilstuna
                Eslöv
                Essunga
                Fagersta
                Falkenberg
                Falköping
                Falun
                Filipstad
                Finspång
                Flen
                Forshaga
                Färgelanda
                Gagnef
                Gislaved
                Gnesta
                Gnosjö
                Gotland
                Grums
                Grästorp
                Gullspång
                Gävle
                Göteborg
                Götene
                Habo
                Hagfors
                Hallsberg
                Hallstahammar
                Halmstad
                Hammarö
                Haninge
                Heby
                Hedemora
                Helsingborg
                Herrljunga
                Hjo
                Hofors
                Huddinge
                Hudiksvall
                Hultsfred
                Hylte
                Håbo
                Hällefors
                Härnösand
                Härryda
                Hässleholm
                Höganäs
                Högsby
                Hörby
                Höör
                Järfälla
                Jönköping
                Kalmar
                Karlsborg
                Karlshamn
                Karlskoga
                Karlskrona
                Karlstad
                Katrineholm
                Kil
                Kinda
                Klippan
                Knivsta
                Kramfors
                Kristianstad
                Kristinehamn
                Kumla
                Kungsbacka
                Kungsör
                Kungälv
                Kävlinge
                Köping
                Laholm
                Landskrona
                Laxå
                Lekeberg
                Leksand
                Lerum
                Lessebo
                Lidingö
                Lidköping
                Lilla Edet
                Lindesberg
                Linköping
                Ljungby
                Ljusnarsberg
                Lomma
                Ludvika
                Luleå
                Lund
                Lycksele
                Lysekil
                Malmö
                Malung
                Mariestad
                Mark
                Markaryd
                Mellerud
                Mjölby
                Mora
                Motala
                Mullsjö
                Munkedal
                Munkfors
                Mölndal
                Mönsterås
                Mörbylånga
                Nacka
                Nora
                Norberg
                Nordmaling
                Norrköping
                Norrtälje
                Norsjö
                Nybro
                Nykvarn
                Nyköping
                Nynäshamn
                Nässjö
                Ockelbo
                Olofström
                Orust
                Osby
                Oskarshamn
                Ovanåker
                Oxelösund
                Partille
                Perstorp
                Piteå
                Ragunda
                Robertsfors
                Ronneby
                Rättvik
                Sala
                Salem
                Sandviken
                Sigtuna
                Simrishamn
                Sjöbo
                Skara
                Skellefteå
                Skinnskatteberg
                Skurup
                Skövde
                Smedjebacken
                Sollefteå
                Sollentuna
                Solna
                Sotenäs
                Staffanstorp
                Stenungsund
                Stockholm
                Storfors
                Strängnäs
                Strömstad
                Sundbyberg
                Sundsvall
                Sunne
                Surahammar
                Svalöv
                Svedala
                Svenljunga
                Säffle
                Säter
                Sävsjö
                Söderhamn
                Söderköping
                Södertälje
                Sölvesborg
                Tanum
                Tibro
                Tidaholm
                Tierp
                Timrå
                Tingsryd
                Tjörn
                Tomelilla
                Torsby
                Torsås
                Tranemo
                Tranås
                Trelleborg
                Trollhättan
                Trosa
                Tyresö
                Täby
                Töreboda
                Uddevalla
                Ulricehamn
                Umeå
                Upplands Väsby
                Upplands-Bro
                Uppsala
                Uppvidinge
                Vadstena
                Vaggeryd
                Valdemarsvik
                Vallentuna
                Vansbro
                Vara
                Varberg
                Vaxholm
                Vellinge
                Vetlanda
                Vimmerby
                Vindeln
                Vingåker
                Vårgårda
                Vänersborg
                Vännäs
                Värmdö
                Värnamo
                Västervik
                Västerås
                Växjö
                Ydre
                Ystad
                Åmål
                Ånge
                Årjäng
                Åsele
                Åstorp
                Åtvidaberg
                Älmhult
                Älvkarleby
                Ängelholm
                Öckerö
                Ödeshög
                Örebro
                Örkelljunga
                Örnsköldsvik
                Östersund
                Österåker
                Östhammar
                Östra Göinge
        
    ' or . = '
        -- Välj --

            
                    Norrköping-Björkalund
                    Uppsala - Kumla trädgårdsgata
                    Varberg - Smeakalles äng
            

        
                Ale
                Alingsås
                Alvesta
                Arboga
                Arvika
                Askersund
                Avesta
                Bengtsfors
                Bjurholm
                Bjuv
                Boden
                Bollebygd
                Bollnäs
                Borgholm
                Borlänge
                Borås
                Botkyrka
                Boxholm
                Bromölla
                Bräcke
                Burlöv
                Båstad
                Dals-Ed
                Danderyd
                Degerfors
                Eda
                Ekerö
                Eksjö
                Emmaboda
                Enköping
                Eskilstuna
                Eslöv
                Essunga
                Fagersta
                Falkenberg
                Falköping
                Falun
                Filipstad
                Finspång
                Flen
                Forshaga
                Färgelanda
                Gagnef
                Gislaved
                Gnesta
                Gnosjö
                Gotland
                Grums
                Grästorp
                Gullspång
                Gävle
                Göteborg
                Götene
                Habo
                Hagfors
                Hallsberg
                Hallstahammar
                Halmstad
                Hammarö
                Haninge
                Heby
                Hedemora
                Helsingborg
                Herrljunga
                Hjo
                Hofors
                Huddinge
                Hudiksvall
                Hultsfred
                Hylte
                Håbo
                Hällefors
                Härnösand
                Härryda
                Hässleholm
                Höganäs
                Högsby
                Hörby
                Höör
                Järfälla
                Jönköping
                Kalmar
                Karlsborg
                Karlshamn
                Karlskoga
                Karlskrona
                Karlstad
                Katrineholm
                Kil
                Kinda
                Klippan
                Knivsta
                Kramfors
                Kristianstad
                Kristinehamn
                Kumla
                Kungsbacka
                Kungsör
                Kungälv
                Kävlinge
                Köping
                Laholm
                Landskrona
                Laxå
                Lekeberg
                Leksand
                Lerum
                Lessebo
                Lidingö
                Lidköping
                Lilla Edet
                Lindesberg
                Linköping
                Ljungby
                Ljusnarsberg
                Lomma
                Ludvika
                Luleå
                Lund
                Lycksele
                Lysekil
                Malmö
                Malung
                Mariestad
                Mark
                Markaryd
                Mellerud
                Mjölby
                Mora
                Motala
                Mullsjö
                Munkedal
                Munkfors
                Mölndal
                Mönsterås
                Mörbylånga
                Nacka
                Nora
                Norberg
                Nordmaling
                Norrköping
                Norrtälje
                Norsjö
                Nybro
                Nykvarn
                Nyköping
                Nynäshamn
                Nässjö
                Ockelbo
                Olofström
                Orust
                Osby
                Oskarshamn
                Ovanåker
                Oxelösund
                Partille
                Perstorp
                Piteå
                Ragunda
                Robertsfors
                Ronneby
                Rättvik
                Sala
                Salem
                Sandviken
                Sigtuna
                Simrishamn
                Sjöbo
                Skara
                Skellefteå
                Skinnskatteberg
                Skurup
                Skövde
                Smedjebacken
                Sollefteå
                Sollentuna
                Solna
                Sotenäs
                Staffanstorp
                Stenungsund
                Stockholm
                Storfors
                Strängnäs
                Strömstad
                Sundbyberg
                Sundsvall
                Sunne
                Surahammar
                Svalöv
                Svedala
                Svenljunga
                Säffle
                Säter
                Sävsjö
                Söderhamn
                Söderköping
                Södertälje
                Sölvesborg
                Tanum
                Tibro
                Tidaholm
                Tierp
                Timrå
                Tingsryd
                Tjörn
                Tomelilla
                Torsby
                Torsås
                Tranemo
                Tranås
                Trelleborg
                Trollhättan
                Trosa
                Tyresö
                Täby
                Töreboda
                Uddevalla
                Ulricehamn
                Umeå
                Upplands Väsby
                Upplands-Bro
                Uppsala
                Uppvidinge
                Vadstena
                Vaggeryd
                Valdemarsvik
                Vallentuna
                Vansbro
                Vara
                Varberg
                Vaxholm
                Vellinge
                Vetlanda
                Vimmerby
                Vindeln
                Vingåker
                Vårgårda
                Vänersborg
                Vännäs
                Värmdö
                Värnamo
                Västervik
                Västerås
                Växjö
                Ydre
                Ystad
                Åmål
                Ånge
                Årjäng
                Åsele
                Åstorp
                Åtvidaberg
                Älmhult
                Älvkarleby
                Ängelholm
                Öckerö
                Ödeshög
                Örebro
                Örkelljunga
                Örnsköldsvik
                Östersund
                Österåker
                Östhammar
                Östra Göinge
        
    ')]' not found)

2018-05-08 12:22:00 - [TEST_STEP][FAILED] - click: Unable to click on object 'Object Repository/Start page elements/Municipality select field' (Root cause: com.kms.katalon.core.webui.exception.WebElementNotFoundException: Web element with id: 'Object Repository/Start page elements/Municipality select field' located by 'By.xpath: //select[@name = 'BuildMunicipality' and (text() = '
        -- Välj --

            
                    Norrköping-Björkalund
                    Uppsala - Kumla trädgårdsgata
                    Varberg - Smeakalles äng
            

        
                Ale
                Alingsås
                Alvesta
                Arboga
                Arvika
                Askersund
                Avesta
                Bengtsfors
                Bjurholm
                Bjuv
                Boden
                Bollebygd
                Bollnäs
                Borgholm
                Borlänge
                Borås
                Botkyrka
                Boxholm
                Bromölla
                Bräcke
                Burlöv
                Båstad
                Dals-Ed
                Danderyd
                Degerfors
                Eda
                Ekerö
                Eksjö
                Emmaboda
                Enköping
                Eskilstuna
                Eslöv
                Essunga
                Fagersta
                Falkenberg
                Falköping
                Falun
                Filipstad
                Finspång
                Flen
                Forshaga
                Färgelanda
                Gagnef
                Gislaved
                Gnesta
                Gnosjö
                Gotland
                Grums
                Grästorp
                Gullspång
                Gävle
                Göteborg
                Götene
                Habo
                Hagfors
                Hallsberg
                Hallstahammar
                Halmstad
                Hammarö
                Haninge
                Heby
                Hedemora
                Helsingborg
                Herrljunga
                Hjo
                Hofors
                Huddinge
                Hudiksvall
                Hultsfred
                Hylte
                Håbo
                Hällefors
                Härnösand
                Härryda
                Hässleholm
                Höganäs
                Högsby
                Hörby
                Höör
                Järfälla
                Jönköping
                Kalmar
                Karlsborg
                Karlshamn
                Karlskoga
                Karlskrona
                Karlstad
                Katrineholm
                Kil
                Kinda
                Klippan
                Knivsta
                Kramfors
                Kristianstad
                Kristinehamn
                Kumla
                Kungsbacka
                Kungsör
                Kungälv
                Kävlinge
                Köping
                Laholm
                Landskrona
                Laxå
                Lekeberg
                Leksand
                Lerum
                Lessebo
                Lidingö
                Lidköping
                Lilla Edet
                Lindesberg
                Linköping
                Ljungby
                Ljusnarsberg
                Lomma
                Ludvika
                Luleå
                Lund
                Lycksele
                Lysekil
                Malmö
                Malung
                Mariestad
                Mark
                Markaryd
                Mellerud
                Mjölby
                Mora
                Motala
                Mullsjö
                Munkedal
                Munkfors
                Mölndal
                Mönsterås
                Mörbylånga
                Nacka
                Nora
                Norberg
                Nordmaling
                Norrköping
                Norrtälje
                Norsjö
                Nybro
                Nykvarn
                Nyköping
                Nynäshamn
                Nässjö
                Ockelbo
                Olofström
                Orust
                Osby
                Oskarshamn
                Ovanåker
                Oxelösund
                Partille
                Perstorp
                Piteå
                Ragunda
                Robertsfors
                Ronneby
                Rättvik
                Sala
                Salem
                Sandviken
                Sigtuna
                Simrishamn
                Sjöbo
                Skara
                Skellefteå
                Skinnskatteberg
                Skurup
                Skövde
                Smedjebacken
                Sollefteå
                Sollentuna
                Solna
                Sotenäs
                Staffanstorp
                Stenungsund
                Stockholm
                Storfors
                Strängnäs
                Strömstad
                Sundbyberg
                Sundsvall
                Sunne
                Surahammar
                Svalöv
                Svedala
                Svenljunga
                Säffle
                Säter
                Sävsjö
                Söderhamn
                Söderköping
                Södertälje
                Sölvesborg
                Tanum
                Tibro
                Tidaholm
                Tierp
                Timrå
                Tingsryd
                Tjörn
                Tomelilla
                Torsby
                Torsås
                Tranemo
                Tranås
                Trelleborg
                Trollhättan
                Trosa
                Tyresö
                Täby
                Töreboda
                Uddevalla
                Ulricehamn
                Umeå
                Upplands Väsby
                Upplands-Bro
                Uppsala
                Uppvidinge
                Vadstena
                Vaggeryd
                Valdemarsvik
                Vallentuna
                Vansbro
                Vara
                Varberg
                Vaxholm
                Vellinge
                Vetlanda
                Vimmerby
                Vindeln
                Vingåker
                Vårgårda
                Vänersborg
                Vännäs
                Värmdö
                Värnamo
                Västervik
                Västerås
                Växjö
                Ydre
                Ystad
                Åmål
                Ånge
                Årjäng
                Åsele
                Åstorp
                Åtvidaberg
                Älmhult
                Älvkarleby
                Ängelholm
                Öckerö
                Ödeshög
                Örebro
                Örkelljunga
                Örnsköldsvik
                Östersund
                Österåker
                Östhammar
                Östra Göinge
        
    ' or . = '
        -- Välj --

            
                    Norrköping-Björkalund
                    Uppsala - Kumla trädgårdsgata
                    Varberg - Smeakalles äng
            

        
                Ale
                Alingsås
                Alvesta
                Arboga
                Arvika
                Askersund
                Avesta
                Bengtsfors
                Bjurholm
                Bjuv
                Boden
                Bollebygd
                Bollnäs
                Borgholm
                Borlänge
                Borås
                Botkyrka
                Boxholm
                Bromölla
                Bräcke
                Burlöv
                Båstad
                Dals-Ed
                Danderyd
                Degerfors
                Eda
                Ekerö
                Eksjö
                Emmaboda
                Enköping
                Eskilstuna
                Eslöv
                Essunga
                Fagersta
                Falkenberg
                Falköping
                Falun
                Filipstad
                Finspång
                Flen
                Forshaga
                Färgelanda
                Gagnef
                Gislaved
                Gnesta
                Gnosjö
                Gotland
                Grums
                Grästorp
                Gullspång
                Gävle
                Göteborg
                Götene
                Habo
                Hagfors
                Hallsberg
                Hallstahammar
                Halmstad
                Hammarö
                Haninge
                Heby
                Hedemora
                Helsingborg
                Herrljunga
                Hjo
                Hofors
                Huddinge
                Hudiksvall
                Hultsfred
                Hylte
                Håbo
                Hällefors
                Härnösand
                Härryda
                Hässleholm
                Höganäs
                Högsby
                Hörby
                Höör
                Järfälla
                Jönköping
                Kalmar
                Karlsborg
                Karlshamn
                Karlskoga
                Karlskrona
                Karlstad
                Katrineholm
                Kil
                Kinda
                Klippan
                Knivsta
                Kramfors
                Kristianstad
                Kristinehamn
                Kumla
                Kungsbacka
                Kungsör
                Kungälv
                Kävlinge
                Köping
                Laholm
                Landskrona
                Laxå
                Lekeberg
                Leksand
                Lerum
                Lessebo
                Lidingö
                Lidköping
                Lilla Edet
                Lindesberg
                Linköping
                Ljungby
                Ljusnarsberg
                Lomma
                Ludvika
                Luleå
                Lund
                Lycksele
                Lysekil
                Malmö
                Malung
                Mariestad
                Mark
                Markaryd
                Mellerud
                Mjölby
                Mora
                Motala
                Mullsjö
                Munkedal
                Munkfors
                Mölndal
                Mönsterås
                Mörbylånga
                Nacka
                Nora
                Norberg
                Nordmaling
                Norrköping
                Norrtälje
                Norsjö
                Nybro
                Nykvarn
                Nyköping
                Nynäshamn
                Nässjö
                Ockelbo
                Olofström
                Orust
                Osby
                Oskarshamn
                Ovanåker
                Oxelösund
                Partille
                Perstorp
                Piteå
                Ragunda
                Robertsfors
                Ronneby
                Rättvik
                Sala
                Salem
                Sandviken
                Sigtuna
                Simrishamn
                Sjöbo
                Skara
                Skellefteå
                Skinnskatteberg
                Skurup
                Skövde
                Smedjebacken
                Sollefteå
                Sollentuna
                Solna
                Sotenäs
                Staffanstorp
                Stenungsund
                Stockholm
                Storfors
                Strängnäs
                Strömstad
                Sundbyberg
                Sundsvall
                Sunne
                Surahammar
                Svalöv
                Svedala
                Svenljunga
                Säffle
                Säter
                Sävsjö
                Söderhamn
                Söderköping
                Södertälje
                Sölvesborg
                Tanum
                Tibro
                Tidaholm
                Tierp
                Timrå
                Tingsryd
                Tjörn
                Tomelilla
                Torsby
                Torsås
                Tranemo
                Tranås
                Trelleborg
                Trollhättan
                Trosa
                Tyresö
                Täby
                Töreboda
                Uddevalla
                Ulricehamn
                Umeå
                Upplands Väsby
                Upplands-Bro
                Uppsala
                Uppvidinge
                Vadstena
                Vaggeryd
                Valdemarsvik
                Vallentuna
                Vansbro
                Vara
                Varberg
                Vaxholm
                Vellinge
                Vetlanda
                Vimmerby
                Vindeln
                Vingåker
                Vårgårda
                Vänersborg
                Vännäs
                Värmdö
                Värnamo
                Västervik
                Västerås
                Växjö
                Ydre
                Ystad
                Åmål
                Ånge
                Årjäng
                Åsele
                Åstorp
                Åtvidaberg
                Älmhult
                Älvkarleby
                Ängelholm
                Öckerö
                Ödeshög
                Örebro
                Örkelljunga
                Örnsköldsvik
                Östersund
                Österåker
                Östhammar
                Östra Göinge
        
    ')]' not found)

2018-05-08 12:22:33 - [MESSAGE][FAILED] - Unable to click on object 'Object Repository/Start page elements/Municipality select field' (Root cause: com.kms.katalon.core.webui.exception.WebElementNotFoundException: Web element with id: 'Object Repository/Start page elements/Municipality select field' located by 'By.xpath: //select[@name = 'BuildMunicipality' and (text() = '
        -- Välj --

            
                    Norrköping-Björkalund
                    Uppsala - Kumla trädgårdsgata
                    Varberg - Smeakalles äng
            

        
                Ale
                Alingsås
                Alvesta
                Arboga
                Arvika
                Askersund
                Avesta
                Bengtsfors
                Bjurholm
                Bjuv
                Boden
                Bollebygd
                Bollnäs
                Borgholm
                Borlänge
                Borås
                Botkyrka
                Boxholm
                Bromölla
                Bräcke
                Burlöv
                Båstad
                Dals-Ed
                Danderyd
                Degerfors
                Eda
                Ekerö
                Eksjö
                Emmaboda
                Enköping
                Eskilstuna
                Eslöv
                Essunga
                Fagersta
                Falkenberg
                Falköping
                Falun
                Filipstad
                Finspång
                Flen
                Forshaga
                Färgelanda
                Gagnef
                Gislaved
                Gnesta
                Gnosjö
                Gotland
                Grums
                Grästorp
                Gullspång
                Gävle
                Göteborg
                Götene
                Habo
                Hagfors
                Hallsberg
                Hallstahammar
                Halmstad
                Hammarö
                Haninge
                Heby
                Hedemora
                Helsingborg
                Herrljunga
                Hjo
                Hofors
                Huddinge
                Hudiksvall
                Hultsfred
                Hylte
                Håbo
                Hällefors
                Härnösand
                Härryda
                Hässleholm
                Höganäs
                Högsby
                Hörby
                Höör
                Järfälla
                Jönköping
                Kalmar
                Karlsborg
                Karlshamn
                Karlskoga
                Karlskrona
                Karlstad
                Katrineholm
                Kil
                Kinda
                Klippan
                Knivsta
                Kramfors
                Kristianstad
                Kristinehamn
                Kumla
                Kungsbacka
                Kungsör
                Kungälv
                Kävlinge
                Köping
                Laholm
                Landskrona
                Laxå
                Lekeberg
                Leksand
                Lerum
                Lessebo
                Lidingö
                Lidköping
                Lilla Edet
                Lindesberg
                Linköping
                Ljungby
                Ljusnarsberg
                Lomma
                Ludvika
                Luleå
                Lund
                Lycksele
                Lysekil
                Malmö
                Malung
                Mariestad
                Mark
                Markaryd
                Mellerud
                Mjölby
                Mora
                Motala
                Mullsjö
                Munkedal
                Munkfors
                Mölndal
                Mönsterås
                Mörbylånga
                Nacka
                Nora
                Norberg
                Nordmaling
                Norrköping
                Norrtälje
                Norsjö
                Nybro
                Nykvarn
                Nyköping
                Nynäshamn
                Nässjö
                Ockelbo
                Olofström
                Orust
                Osby
                Oskarshamn
                Ovanåker
                Oxelösund
                Partille
                Perstorp
                Piteå
                Ragunda
                Robertsfors
                Ronneby
                Rättvik
                Sala
                Salem
                Sandviken
                Sigtuna
                Simrishamn
                Sjöbo
                Skara
                Skellefteå
                Skinnskatteberg
                Skurup
                Skövde
                Smedjebacken
                Sollefteå
                Sollentuna
                Solna
                Sotenäs
                Staffanstorp
                Stenungsund
                Stockholm
                Storfors
                Strängnäs
                Strömstad
                Sundbyberg
                Sundsvall
                Sunne
                Surahammar
                Svalöv
                Svedala
                Svenljunga
                Säffle
                Säter
                Sävsjö
                Söderhamn
                Söderköping
                Södertälje
                Sölvesborg
                Tanum
                Tibro
                Tidaholm
                Tierp
                Timrå
                Tingsryd
                Tjörn
                Tomelilla
                Torsby
                Torsås
                Tranemo
                Tranås
                Trelleborg
                Trollhättan
                Trosa
                Tyresö
                Täby
                Töreboda
                Uddevalla
                Ulricehamn
                Umeå
                Upplands Väsby
                Upplands-Bro
                Uppsala
                Uppvidinge
                Vadstena
                Vaggeryd
                Valdemarsvik
                Vallentuna
                Vansbro
                Vara
                Varberg
                Vaxholm
                Vellinge
                Vetlanda
                Vimmerby
                Vindeln
                Vingåker
                Vårgårda
                Vänersborg
                Vännäs
                Värmdö
                Värnamo
                Västervik
                Västerås
                Växjö
                Ydre
                Ystad
                Åmål
                Ånge
                Årjäng
                Åsele
                Åstorp
                Åtvidaberg
                Älmhult
                Älvkarleby
                Ängelholm
                Öckerö
                Ödeshög
                Örebro
                Örkelljunga
                Örnsköldsvik
                Östersund
                Österåker
                Östhammar
                Östra Göinge
        
    ' or . = '
        -- Välj --

            
                    Norrköping-Björkalund
                    Uppsala - Kumla trädgårdsgata
                    Varberg - Smeakalles äng
            

        
                Ale
                Alingsås
                Alvesta
                Arboga
                Arvika
                Askersund
                Avesta
                Bengtsfors
                Bjurholm
                Bjuv
                Boden
                Bollebygd
                Bollnäs
                Borgholm
                Borlänge
                Borås
                Botkyrka
                Boxholm
                Bromölla
                Bräcke
                Burlöv
                Båstad
                Dals-Ed
                Danderyd
                Degerfors
                Eda
                Ekerö
                Eksjö
                Emmaboda
                Enköping
                Eskilstuna
                Eslöv
                Essunga
                Fagersta
                Falkenberg
                Falköping
                Falun
                Filipstad
                Finspång
                Flen
                Forshaga
                Färgelanda
                Gagnef
                Gislaved
                Gnesta
                Gnosjö
                Gotland
                Grums
                Grästorp
                Gullspång
                Gävle
                Göteborg
                Götene
                Habo
                Hagfors
                Hallsberg
                Hallstahammar
                Halmstad
                Hammarö
                Haninge
                Heby
                Hedemora
                Helsingborg
                Herrljunga
                Hjo
                Hofors
                Huddinge
                Hudiksvall
                Hultsfred
                Hylte
                Håbo
                Hällefors
                Härnösand
                Härryda
                Hässleholm
                Höganäs
                Högsby
                Hörby
                Höör
                Järfälla
                Jönköping
                Kalmar
                Karlsborg
                Karlshamn
                Karlskoga
                Karlskrona
                Karlstad
                Katrineholm
                Kil
                Kinda
                Klippan
                Knivsta
                Kramfors
                Kristianstad
                Kristinehamn
                Kumla
                Kungsbacka
                Kungsör
                Kungälv
                Kävlinge
                Köping
                Laholm
                Landskrona
                Laxå
                Lekeberg
                Leksand
                Lerum
                Lessebo
                Lidingö
                Lidköping
                Lilla Edet
                Lindesberg
                Linköping
                Ljungby
                Ljusnarsberg
                Lomma
                Ludvika
                Luleå
                Lund
                Lycksele
                Lysekil
                Malmö
                Malung
                Mariestad
                Mark
                Markaryd
                Mellerud
                Mjölby
                Mora
                Motala
                Mullsjö
                Munkedal
                Munkfors
                Mölndal
                Mönsterås
                Mörbylånga
                Nacka
                Nora
                Norberg
                Nordmaling
                Norrköping
                Norrtälje
                Norsjö
                Nybro
                Nykvarn
                Nyköping
                Nynäshamn
                Nässjö
                Ockelbo
                Olofström
                Orust
                Osby
                Oskarshamn
                Ovanåker
                Oxelösund
                Partille
                Perstorp
                Piteå
                Ragunda
                Robertsfors
                Ronneby
                Rättvik
                Sala
                Salem
                Sandviken
                Sigtuna
                Simrishamn
                Sjöbo
                Skara
                Skellefteå
                Skinnskatteberg
                Skurup
                Skövde
                Smedjebacken
                Sollefteå
                Sollentuna
                Solna
                Sotenäs
                Staffanstorp
                Stenungsund
                Stockholm
                Storfors
                Strängnäs
                Strömstad
                Sundbyberg
                Sundsvall
                Sunne
                Surahammar
                Svalöv
                Svedala
                Svenljunga
                Säffle
                Säter
                Sävsjö
                Söderhamn
                Söderköping
                Södertälje
                Sölvesborg
                Tanum
                Tibro
                Tidaholm
                Tierp
                Timrå
                Tingsryd
                Tjörn
                Tomelilla
                Torsby
                Torsås
                Tranemo
                Tranås
                Trelleborg
                Trollhättan
                Trosa
                Tyresö
                Täby
                Töreboda
                Uddevalla
                Ulricehamn
                Umeå
                Upplands Väsby
                Upplands-Bro
                Uppsala
                Uppvidinge
                Vadstena
                Vaggeryd
                Valdemarsvik
                Vallentuna
                Vansbro
                Vara
                Varberg
                Vaxholm
                Vellinge
                Vetlanda
                Vimmerby
                Vindeln
                Vingåker
                Vårgårda
                Vänersborg
                Vännäs
                Värmdö
                Värnamo
                Västervik
                Västerås
                Växjö
                Ydre
                Ystad
                Åmål
                Ånge
                Årjäng
                Åsele
                Åstorp
                Åtvidaberg
                Älmhult
                Älvkarleby
                Ängelholm
                Öckerö
                Ödeshög
                Örebro
                Örkelljunga
                Örnsköldsvik
                Östersund
                Österåker
                Östhammar
                Östra Göinge
        
    ')]' not found)
[[ATTACHMENT|E:\\Ahus-Katalon-Git\\Reports\\Customer Portal\\20180508_122123\\1525762352319.png]]]]></system-out>
         <system-err><![CDATA[2018-05-08 12:22:00 - [TEST_CASE][FAILED] - Test Cases/Municipality dropdown field-start page: Test Cases/Municipality dropdown field-start page FAILED because (of) Unable to click on object 'Object Repository/Start page elements/Municipality select field' (Root cause: com.kms.katalon.core.webui.exception.WebElementNotFoundException: Web element with id: 'Object Repository/Start page elements/Municipality select field' located by 'By.xpath: //select[@name = 'BuildMunicipality' and (text() = '
        -- Välj --

            
                    Norrköping-Björkalund
                    Uppsala - Kumla trädgårdsgata
                    Varberg - Smeakalles äng
            

        
                Ale
                Alingsås
                Alvesta
                Arboga
                Arvika
                Askersund
                Avesta
                Bengtsfors
                Bjurholm
                Bjuv
                Boden
                Bollebygd
                Bollnäs
                Borgholm
                Borlänge
                Borås
                Botkyrka
                Boxholm
                Bromölla
                Bräcke
                Burlöv
                Båstad
                Dals-Ed
                Danderyd
                Degerfors
                Eda
                Ekerö
                Eksjö
                Emmaboda
                Enköping
                Eskilstuna
                Eslöv
                Essunga
                Fagersta
                Falkenberg
                Falköping
                Falun
                Filipstad
                Finspång
                Flen
                Forshaga
                Färgelanda
                Gagnef
                Gislaved
                Gnesta
                Gnosjö
                Gotland
                Grums
                Grästorp
                Gullspång
                Gävle
                Göteborg
                Götene
                Habo
                Hagfors
                Hallsberg
                Hallstahammar
                Halmstad
                Hammarö
                Haninge
                Heby
                Hedemora
                Helsingborg
                Herrljunga
                Hjo
                Hofors
                Huddinge
                Hudiksvall
                Hultsfred
                Hylte
                Håbo
                Hällefors
                Härnösand
                Härryda
                Hässleholm
                Höganäs
                Högsby
                Hörby
                Höör
                Järfälla
                Jönköping
                Kalmar
                Karlsborg
                Karlshamn
                Karlskoga
                Karlskrona
                Karlstad
                Katrineholm
                Kil
                Kinda
                Klippan
                Knivsta
                Kramfors
                Kristianstad
                Kristinehamn
                Kumla
                Kungsbacka
                Kungsör
                Kungälv
                Kävlinge
                Köping
                Laholm
                Landskrona
                Laxå
                Lekeberg
                Leksand
                Lerum
                Lessebo
                Lidingö
                Lidköping
                Lilla Edet
                Lindesberg
                Linköping
                Ljungby
                Ljusnarsberg
                Lomma
                Ludvika
                Luleå
                Lund
                Lycksele
                Lysekil
                Malmö
                Malung
                Mariestad
                Mark
                Markaryd
                Mellerud
                Mjölby
                Mora
                Motala
                Mullsjö
                Munkedal
                Munkfors
                Mölndal
                Mönsterås
                Mörbylånga
                Nacka
                Nora
                Norberg
                Nordmaling
                Norrköping
                Norrtälje
                Norsjö
                Nybro
                Nykvarn
                Nyköping
                Nynäshamn
                Nässjö
                Ockelbo
                Olofström
                Orust
                Osby
                Oskarshamn
                Ovanåker
                Oxelösund
                Partille
                Perstorp
                Piteå
                Ragunda
                Robertsfors
                Ronneby
                Rättvik
                Sala
                Salem
                Sandviken
                Sigtuna
                Simrishamn
                Sjöbo
                Skara
                Skellefteå
                Skinnskatteberg
                Skurup
                Skövde
                Smedjebacken
                Sollefteå
                Sollentuna
                Solna
                Sotenäs
                Staffanstorp
                Stenungsund
                Stockholm
                Storfors
                Strängnäs
                Strömstad
                Sundbyberg
                Sundsvall
                Sunne
                Surahammar
                Svalöv
                Svedala
                Svenljunga
                Säffle
                Säter
                Sävsjö
                Söderhamn
                Söderköping
                Södertälje
                Sölvesborg
                Tanum
                Tibro
                Tidaholm
                Tierp
                Timrå
                Tingsryd
                Tjörn
                Tomelilla
                Torsby
                Torsås
                Tranemo
                Tranås
                Trelleborg
                Trollhättan
                Trosa
                Tyresö
                Täby
                Töreboda
                Uddevalla
                Ulricehamn
                Umeå
                Upplands Väsby
                Upplands-Bro
                Uppsala
                Uppvidinge
                Vadstena
                Vaggeryd
                Valdemarsvik
                Vallentuna
                Vansbro
                Vara
                Varberg
                Vaxholm
                Vellinge
                Vetlanda
                Vimmerby
                Vindeln
                Vingåker
                Vårgårda
                Vänersborg
                Vännäs
                Värmdö
                Värnamo
                Västervik
                Västerås
                Växjö
                Ydre
                Ystad
                Åmål
                Ånge
                Årjäng
                Åsele
                Åstorp
                Åtvidaberg
                Älmhult
                Älvkarleby
                Ängelholm
                Öckerö
                Ödeshög
                Örebro
                Örkelljunga
                Örnsköldsvik
                Östersund
                Österåker
                Östhammar
                Östra Göinge
        
    ' or . = '
        -- Välj --

            
                    Norrköping-Björkalund
                    Uppsala - Kumla trädgårdsgata
                    Varberg - Smeakalles äng
            

        
                Ale
                Alingsås
                Alvesta
                Arboga
                Arvika
                Askersund
                Avesta
                Bengtsfors
                Bjurholm
                Bjuv
                Boden
                Bollebygd
                Bollnäs
                Borgholm
                Borlänge
                Borås
                Botkyrka
                Boxholm
                Bromölla
                Bräcke
                Burlöv
                Båstad
                Dals-Ed
                Danderyd
                Degerfors
                Eda
                Ekerö
                Eksjö
                Emmaboda
                Enköping
                Eskilstuna
                Eslöv
                Essunga
                Fagersta
                Falkenberg
                Falköping
                Falun
                Filipstad
                Finspång
                Flen
                Forshaga
                Färgelanda
                Gagnef
                Gislaved
                Gnesta
                Gnosjö
                Gotland
                Grums
                Grästorp
                Gullspång
                Gävle
                Göteborg
                Götene
                Habo
                Hagfors
                Hallsberg
                Hallstahammar
                Halmstad
                Hammarö
                Haninge
                Heby
                Hedemora
                Helsingborg
                Herrljunga
                Hjo
                Hofors
                Huddinge
                Hudiksvall
                Hultsfred
                Hylte
                Håbo
                Hällefors
                Härnösand
                Härryda
                Hässleholm
                Höganäs
                Högsby
                Hörby
                Höör
                Järfälla
                Jönköping
                Kalmar
                Karlsborg
                Karlshamn
                Karlskoga
                Karlskrona
                Karlstad
                Katrineholm
                Kil
                Kinda
                Klippan
                Knivsta
                Kramfors
                Kristianstad
                Kristinehamn
                Kumla
                Kungsbacka
                Kungsör
                Kungälv
                Kävlinge
                Köping
                Laholm
                Landskrona
                Laxå
                Lekeberg
                Leksand
                Lerum
                Lessebo
                Lidingö
                Lidköping
                Lilla Edet
                Lindesberg
                Linköping
                Ljungby
                Ljusnarsberg
                Lomma
                Ludvika
                Luleå
                Lund
                Lycksele
                Lysekil
                Malmö
                Malung
                Mariestad
                Mark
                Markaryd
                Mellerud
                Mjölby
                Mora
                Motala
                Mullsjö
                Munkedal
                Munkfors
                Mölndal
                Mönsterås
                Mörbylånga
                Nacka
                Nora
                Norberg
                Nordmaling
                Norrköping
                Norrtälje
                Norsjö
                Nybro
                Nykvarn
                Nyköping
                Nynäshamn
                Nässjö
                Ockelbo
                Olofström
                Orust
                Osby
                Oskarshamn
                Ovanåker
                Oxelösund
                Partille
                Perstorp
                Piteå
                Ragunda
                Robertsfors
                Ronneby
                Rättvik
                Sala
                Salem
                Sandviken
                Sigtuna
                Simrishamn
                Sjöbo
                Skara
                Skellefteå
                Skinnskatteberg
                Skurup
                Skövde
                Smedjebacken
                Sollefteå
                Sollentuna
                Solna
                Sotenäs
                Staffanstorp
                Stenungsund
                Stockholm
                Storfors
                Strängnäs
                Strömstad
                Sundbyberg
                Sundsvall
                Sunne
                Surahammar
                Svalöv
                Svedala
                Svenljunga
                Säffle
                Säter
                Sävsjö
                Söderhamn
                Söderköping
                Södertälje
                Sölvesborg
                Tanum
                Tibro
                Tidaholm
                Tierp
                Timrå
                Tingsryd
                Tjörn
                Tomelilla
                Torsby
                Torsås
                Tranemo
                Tranås
                Trelleborg
                Trollhättan
                Trosa
                Tyresö
                Täby
                Töreboda
                Uddevalla
                Ulricehamn
                Umeå
                Upplands Väsby
                Upplands-Bro
                Uppsala
                Uppvidinge
                Vadstena
                Vaggeryd
                Valdemarsvik
                Vallentuna
                Vansbro
                Vara
                Varberg
                Vaxholm
                Vellinge
                Vetlanda
                Vimmerby
                Vindeln
                Vingåker
                Vårgårda
                Vänersborg
                Vännäs
                Värmdö
                Värnamo
                Västervik
                Västerås
                Växjö
                Ydre
                Ystad
                Åmål
                Ånge
                Årjäng
                Åsele
                Åstorp
                Åtvidaberg
                Älmhult
                Älvkarleby
                Ängelholm
                Öckerö
                Ödeshög
                Örebro
                Örkelljunga
                Örnsköldsvik
                Östersund
                Österåker
                Östhammar
                Östra Göinge
        
    ')]' not found)]]></system-err>
      </testcase>
      <testcase name="Test Cases/Select Municiplality from Start page" classname="Test Cases/Select Municiplality from Start page" status="FAILED">
         <failure type="FAILED" message="Unable to click on object 'Object Repository/Start page elements/Select Municipality-start page' (Root cause: com.kms.katalon.core.webui.exception.WebElementNotFoundException: Web element with id: 'Object Repository/Start page elements/Select Municipality-start page' located by 'By.xpath: //option[@value='7670aa51-d0b7-4c72-82a5-3f414da5c895|Ale|1']' not found)"/>
         <system-out><![CDATA[2018-05-08 12:22:33 - [TEST_CASE][FAILED] - Test Cases/Select Municiplality from Start page: Test Cases/Select Municiplality from Start page FAILED because (of) Unable to click on object 'Object Repository/Start page elements/Select Municipality-start page' (Root cause: com.kms.katalon.core.webui.exception.WebElementNotFoundException: Web element with id: 'Object Repository/Start page elements/Select Municipality-start page' located by 'By.xpath: //option[@value='7670aa51-d0b7-4c72-82a5-3f414da5c895|Ale|1']' not found)

2018-05-08 12:22:33 - [TEST_STEP][FAILED] - click: Unable to click on object 'Object Repository/Start page elements/Select Municipality-start page' (Root cause: com.kms.katalon.core.webui.exception.WebElementNotFoundException: Web element with id: 'Object Repository/Start page elements/Select Municipality-start page' located by 'By.xpath: //option[@value='7670aa51-d0b7-4c72-82a5-3f414da5c895|Ale|1']' not found)

2018-05-08 12:23:04 - [MESSAGE][FAILED] - Unable to click on object 'Object Repository/Start page elements/Select Municipality-start page' (Root cause: com.kms.katalon.core.webui.exception.WebElementNotFoundException: Web element with id: 'Object Repository/Start page elements/Select Municipality-start page' located by 'By.xpath: //option[@value='7670aa51-d0b7-4c72-82a5-3f414da5c895|Ale|1']' not found)
[[ATTACHMENT|E:\\Ahus-Katalon-Git\\Reports\\Customer Portal\\20180508_122123\\1525762383841.png]]]]></system-out>
         <system-err><![CDATA[2018-05-08 12:22:33 - [TEST_CASE][FAILED] - Test Cases/Select Municiplality from Start page: Test Cases/Select Municiplality from Start page FAILED because (of) Unable to click on object 'Object Repository/Start page elements/Select Municipality-start page' (Root cause: com.kms.katalon.core.webui.exception.WebElementNotFoundException: Web element with id: 'Object Repository/Start page elements/Select Municipality-start page' located by 'By.xpath: //option[@value='7670aa51-d0b7-4c72-82a5-3f414da5c895|Ale|1']' not found)]]></system-err>
      </testcase>
      <testcase name="Test Cases/Select House From House Listing Page - HB" classname="Test Cases/Select House From House Listing Page - HB" status="FAILED">
         <failure type="FAILED" message="Unable to click on object 'Object Repository/House Listing Page/Select House from House listing' (Root cause: com.kms.katalon.core.webui.exception.WebElementNotFoundException: Web element with id: 'Object Repository/House Listing Page/Select House from House listing' located by 'By.xpath: //input[@type = 'submit']' not found)"/>
         <system-out><![CDATA[2018-05-08 12:23:04 - [TEST_CASE][FAILED] - Test Cases/Select House From House Listing Page - HB: Test Cases/Select House From House Listing Page - HB FAILED because (of) Unable to click on object 'Object Repository/House Listing Page/Select House from House listing' (Root cause: com.kms.katalon.core.webui.exception.WebElementNotFoundException: Web element with id: 'Object Repository/House Listing Page/Select House from House listing' located by 'By.xpath: //input[@type = 'submit']' not found)

2018-05-08 12:23:04 - [TEST_STEP][FAILED] - click: Unable to click on object 'Object Repository/House Listing Page/Select House from House listing' (Root cause: com.kms.katalon.core.webui.exception.WebElementNotFoundException: Web element with id: 'Object Repository/House Listing Page/Select House from House listing' located by 'By.xpath: //input[@type = 'submit']' not found)

2018-05-08 12:23:36 - [MESSAGE][FAILED] - Unable to click on object 'Object Repository/House Listing Page/Select House from House listing' (Root cause: com.kms.katalon.core.webui.exception.WebElementNotFoundException: Web element with id: 'Object Repository/House Listing Page/Select House from House listing' located by 'By.xpath: //input[@type = 'submit']' not found)
[[ATTACHMENT|E:\\Ahus-Katalon-Git\\Reports\\Customer Portal\\20180508_122123\\1525762415297.png]]]]></system-out>
         <system-err><![CDATA[2018-05-08 12:23:04 - [TEST_CASE][FAILED] - Test Cases/Select House From House Listing Page - HB: Test Cases/Select House From House Listing Page - HB FAILED because (of) Unable to click on object 'Object Repository/House Listing Page/Select House from House listing' (Root cause: com.kms.katalon.core.webui.exception.WebElementNotFoundException: Web element with id: 'Object Repository/House Listing Page/Select House from House listing' located by 'By.xpath: //input[@type = 'submit']' not found)]]></system-err>
      </testcase>
      <testcase name="Test Cases/Make Changes in Configuration - Customer" classname="Test Cases/Make Changes in Configuration - Customer" status="FAILED">
         <failure type="FAILED" message="Unable to click on object 'Object Repository/Make Changes in Configuration/Configuration change - utvandiga val' (Root cause: com.kms.katalon.core.webui.exception.WebElementNotFoundException: Web element with id: 'Object Repository/Make Changes in Configuration/Configuration change - utvandiga val' located by 'By.xpath: //span[@href = '#' and (text() = '         Vindskivor och foder              ' or . = '         Vindskivor och foder              ')]' not found)"/>
         <system-out><![CDATA[2018-05-08 12:23:36 - [TEST_CASE][FAILED] - Test Cases/Make Changes in Configuration - Customer: Test Cases/Make Changes in Configuration - Customer FAILED because (of) Unable to click on object 'Object Repository/Make Changes in Configuration/Configuration change - utvandiga val' (Root cause: com.kms.katalon.core.webui.exception.WebElementNotFoundException: Web element with id: 'Object Repository/Make Changes in Configuration/Configuration change - utvandiga val' located by 'By.xpath: //span[@href = '#' and (text() = '         Vindskivor och foder              ' or . = '         Vindskivor och foder              ')]' not found)

2018-05-08 12:23:36 - [TEST_STEP][FAILED] - click: Unable to click on object 'Object Repository/Make Changes in Configuration/Configuration change - utvandiga val' (Root cause: com.kms.katalon.core.webui.exception.WebElementNotFoundException: Web element with id: 'Object Repository/Make Changes in Configuration/Configuration change - utvandiga val' located by 'By.xpath: //span[@href = '#' and (text() = '         Vindskivor och foder              ' or . = '         Vindskivor och foder              ')]' not found)

2018-05-08 12:24:07 - [MESSAGE][FAILED] - Unable to click on object 'Object Repository/Make Changes in Configuration/Configuration change - utvandiga val' (Root cause: com.kms.katalon.core.webui.exception.WebElementNotFoundException: Web element with id: 'Object Repository/Make Changes in Configuration/Configuration change - utvandiga val' located by 'By.xpath: //span[@href = '#' and (text() = '         Vindskivor och foder              ' or . = '         Vindskivor och foder              ')]' not found)
[[ATTACHMENT|E:\\Ahus-Katalon-Git\\Reports\\Customer Portal\\20180508_122123\\1525762446747.png]]]]></system-out>
         <system-err><![CDATA[2018-05-08 12:23:36 - [TEST_CASE][FAILED] - Test Cases/Make Changes in Configuration - Customer: Test Cases/Make Changes in Configuration - Customer FAILED because (of) Unable to click on object 'Object Repository/Make Changes in Configuration/Configuration change - utvandiga val' (Root cause: com.kms.katalon.core.webui.exception.WebElementNotFoundException: Web element with id: 'Object Repository/Make Changes in Configuration/Configuration change - utvandiga val' located by 'By.xpath: //span[@href = '#' and (text() = '         Vindskivor och foder              ' or . = '         Vindskivor och foder              ')]' not found)]]></system-err>
      </testcase>
      <testcase name="Test Cases/Save Configuration" classname="Test Cases/Save Configuration" status="FAILED">
         <failure type="FAILED" message="Unable to click on object 'Object Repository/Save Configuration/Save Configuration - Customer' (Root cause: com.kms.katalon.core.webui.exception.WebElementNotFoundException: Web element with id: 'Object Repository/Save Configuration/Save Configuration - Customer' located by 'By.xpath: //span[contains(.,'Spara')]' not found)"/>
         <system-out><![CDATA[2018-05-08 12:24:07 - [TEST_CASE][FAILED] - Test Cases/Save Configuration: Test Cases/Save Configuration FAILED because (of) Unable to click on object 'Object Repository/Save Configuration/Save Configuration - Customer' (Root cause: com.kms.katalon.core.webui.exception.WebElementNotFoundException: Web element with id: 'Object Repository/Save Configuration/Save Configuration - Customer' located by 'By.xpath: //span[contains(.,'Spara')]' not found)

2018-05-08 12:24:07 - [TEST_STEP][FAILED] - click: Unable to click on object 'Object Repository/Save Configuration/Save Configuration - Customer' (Root cause: com.kms.katalon.core.webui.exception.WebElementNotFoundException: Web element with id: 'Object Repository/Save Configuration/Save Configuration - Customer' located by 'By.xpath: //span[contains(.,'Spara')]' not found)

2018-05-08 12:24:39 - [MESSAGE][FAILED] - Unable to click on object 'Object Repository/Save Configuration/Save Configuration - Customer' (Root cause: com.kms.katalon.core.webui.exception.WebElementNotFoundException: Web element with id: 'Object Repository/Save Configuration/Save Configuration - Customer' located by 'By.xpath: //span[contains(.,'Spara')]' not found)
[[ATTACHMENT|E:\\Ahus-Katalon-Git\\Reports\\Customer Portal\\20180508_122123\\1525762478563.png]]]]></system-out>
         <system-err><![CDATA[2018-05-08 12:24:07 - [TEST_CASE][FAILED] - Test Cases/Save Configuration: Test Cases/Save Configuration FAILED because (of) Unable to click on object 'Object Repository/Save Configuration/Save Configuration - Customer' (Root cause: com.kms.katalon.core.webui.exception.WebElementNotFoundException: Web element with id: 'Object Repository/Save Configuration/Save Configuration - Customer' located by 'By.xpath: //span[contains(.,'Spara')]' not found)]]></system-err>
      </testcase>
      <testcase name="Test Cases/Navigation to Offert Popup" classname="Test Cases/Navigation to Offert Popup" status="FAILED">
         <failure type="FAILED" message="Unable to click on object 'Object Repository/Move to Offert Popup/Offert Button Click - Offert Popup' (Root cause: com.kms.katalon.core.webui.exception.WebElementNotFoundException: Web element with id: 'Object Repository/Move to Offert Popup/Offert Button Click - Offert Popup' located by 'By.xpath: //a[(text() = 'Offert' or . = 'Offert')]' not found)"/>
         <system-out><![CDATA[2018-05-08 12:24:39 - [TEST_CASE][FAILED] - Test Cases/Navigation to Offert Popup: Test Cases/Navigation to Offert Popup FAILED because (of) Unable to click on object 'Object Repository/Move to Offert Popup/Offert Button Click - Offert Popup' (Root cause: com.kms.katalon.core.webui.exception.WebElementNotFoundException: Web element with id: 'Object Repository/Move to Offert Popup/Offert Button Click - Offert Popup' located by 'By.xpath: //a[(text() = 'Offert' or . = 'Offert')]' not found)

2018-05-08 12:24:39 - [TEST_STEP][FAILED] - click: Unable to click on object 'Object Repository/Move to Offert Popup/Offert Button Click - Offert Popup' (Root cause: com.kms.katalon.core.webui.exception.WebElementNotFoundException: Web element with id: 'Object Repository/Move to Offert Popup/Offert Button Click - Offert Popup' located by 'By.xpath: //a[(text() = 'Offert' or . = 'Offert')]' not found)

2018-05-08 12:25:10 - [MESSAGE][FAILED] - Unable to click on object 'Object Repository/Move to Offert Popup/Offert Button Click - Offert Popup' (Root cause: com.kms.katalon.core.webui.exception.WebElementNotFoundException: Web element with id: 'Object Repository/Move to Offert Popup/Offert Button Click - Offert Popup' located by 'By.xpath: //a[(text() = 'Offert' or . = 'Offert')]' not found)
[[ATTACHMENT|E:\\Ahus-Katalon-Git\\Reports\\Customer Portal\\20180508_122123\\1525762509893.png]]]]></system-out>
         <system-err><![CDATA[2018-05-08 12:24:39 - [TEST_CASE][FAILED] - Test Cases/Navigation to Offert Popup: Test Cases/Navigation to Offert Popup FAILED because (of) Unable to click on object 'Object Repository/Move to Offert Popup/Offert Button Click - Offert Popup' (Root cause: com.kms.katalon.core.webui.exception.WebElementNotFoundException: Web element with id: 'Object Repository/Move to Offert Popup/Offert Button Click - Offert Popup' located by 'By.xpath: //a[(text() = 'Offert' or . = 'Offert')]' not found)]]></system-err>
      </testcase>
      <system-out><![CDATA[2018-05-08 12:21:24 - [TEST_SUITE][FAILED] - Customer Portal: Test Cases/Municipality dropdown field-start page FAILED because (of) Unable to click on object 'Object Repository/Start page elements/Municipality select field' (Root cause: com.kms.katalon.core.webui.exception.WebElementNotFoundException: Web element with id: 'Object Repository/Start page elements/Municipality select field' located by 'By.xpath: //select[@name = 'BuildMunicipality' and (text() = '
        -- Välj --

            
                    Norrköping-Björkalund
                    Uppsala - Kumla trädgårdsgata
                    Varberg - Smeakalles äng
            

        
                Ale
                Alingsås
                Alvesta
                Arboga
                Arvika
                Askersund
                Avesta
                Bengtsfors
                Bjurholm
                Bjuv
                Boden
                Bollebygd
                Bollnäs
                Borgholm
                Borlänge
                Borås
                Botkyrka
                Boxholm
                Bromölla
                Bräcke
                Burlöv
                Båstad
                Dals-Ed
                Danderyd
                Degerfors
                Eda
                Ekerö
                Eksjö
                Emmaboda
                Enköping
                Eskilstuna
                Eslöv
                Essunga
                Fagersta
                Falkenberg
                Falköping
                Falun
                Filipstad
                Finspång
                Flen
                Forshaga
                Färgelanda
                Gagnef
                Gislaved
                Gnesta
                Gnosjö
                Gotland
                Grums
                Grästorp
                Gullspång
                Gävle
                Göteborg
                Götene
                Habo
                Hagfors
                Hallsberg
                Hallstahammar
                Halmstad
                Hammarö
                Haninge
                Heby
                Hedemora
                Helsingborg
                Herrljunga
                Hjo
                Hofors
                Huddinge
                Hudiksvall
                Hultsfred
                Hylte
                Håbo
                Hällefors
                Härnösand
                Härryda
                Hässleholm
                Höganäs
                Högsby
                Hörby
                Höör
                Järfälla
                Jönköping
                Kalmar
                Karlsborg
                Karlshamn
                Karlskoga
                Karlskrona
                Karlstad
                Katrineholm
                Kil
                Kinda
                Klippan
                Knivsta
                Kramfors
                Kristianstad
                Kristinehamn
                Kumla
                Kungsbacka
                Kungsör
                Kungälv
                Kävlinge
                Köping
                Laholm
                Landskrona
                Laxå
                Lekeberg
                Leksand
                Lerum
                Lessebo
                Lidingö
                Lidköping
                Lilla Edet
                Lindesberg
                Linköping
                Ljungby
                Ljusnarsberg
                Lomma
                Ludvika
                Luleå
                Lund
                Lycksele
                Lysekil
                Malmö
                Malung
                Mariestad
                Mark
                Markaryd
                Mellerud
                Mjölby
                Mora
                Motala
                Mullsjö
                Munkedal
                Munkfors
                Mölndal
                Mönsterås
                Mörbylånga
                Nacka
                Nora
                Norberg
                Nordmaling
                Norrköping
                Norrtälje
                Norsjö
                Nybro
                Nykvarn
                Nyköping
                Nynäshamn
                Nässjö
                Ockelbo
                Olofström
                Orust
                Osby
                Oskarshamn
                Ovanåker
                Oxelösund
                Partille
                Perstorp
                Piteå
                Ragunda
                Robertsfors
                Ronneby
                Rättvik
                Sala
                Salem
                Sandviken
                Sigtuna
                Simrishamn
                Sjöbo
                Skara
                Skellefteå
                Skinnskatteberg
                Skurup
                Skövde
                Smedjebacken
                Sollefteå
                Sollentuna
                Solna
                Sotenäs
                Staffanstorp
                Stenungsund
                Stockholm
                Storfors
                Strängnäs
                Strömstad
                Sundbyberg
                Sundsvall
                Sunne
                Surahammar
                Svalöv
                Svedala
                Svenljunga
                Säffle
                Säter
                Sävsjö
                Söderhamn
                Söderköping
                Södertälje
                Sölvesborg
                Tanum
                Tibro
                Tidaholm
                Tierp
                Timrå
                Tingsryd
                Tjörn
                Tomelilla
                Torsby
                Torsås
                Tranemo
                Tranås
                Trelleborg
                Trollhättan
                Trosa
                Tyresö
                Täby
                Töreboda
                Uddevalla
                Ulricehamn
                Umeå
                Upplands Väsby
                Upplands-Bro
                Uppsala
                Uppvidinge
                Vadstena
                Vaggeryd
                Valdemarsvik
                Vallentuna
                Vansbro
                Vara
                Varberg
                Vaxholm
                Vellinge
                Vetlanda
                Vimmerby
                Vindeln
                Vingåker
                Vårgårda
                Vänersborg
                Vännäs
                Värmdö
                Värnamo
                Västervik
                Västerås
                Växjö
                Ydre
                Ystad
                Åmål
                Ånge
                Årjäng
                Åsele
                Åstorp
                Åtvidaberg
                Älmhult
                Älvkarleby
                Ängelholm
                Öckerö
                Ödeshög
                Örebro
                Örkelljunga
                Örnsköldsvik
                Östersund
                Österåker
                Östhammar
                Östra Göinge
        
    ' or . = '
        -- Välj --

            
                    Norrköping-Björkalund
                    Uppsala - Kumla trädgårdsgata
                    Varberg - Smeakalles äng
            

        
                Ale
                Alingsås
                Alvesta
                Arboga
                Arvika
                Askersund
                Avesta
                Bengtsfors
                Bjurholm
                Bjuv
                Boden
                Bollebygd
                Bollnäs
                Borgholm
                Borlänge
                Borås
                Botkyrka
                Boxholm
                Bromölla
                Bräcke
                Burlöv
                Båstad
                Dals-Ed
                Danderyd
                Degerfors
                Eda
                Ekerö
                Eksjö
                Emmaboda
                Enköping
                Eskilstuna
                Eslöv
                Essunga
                Fagersta
                Falkenberg
                Falköping
                Falun
                Filipstad
                Finspång
                Flen
                Forshaga
                Färgelanda
                Gagnef
                Gislaved
                Gnesta
                Gnosjö
                Gotland
                Grums
                Grästorp
                Gullspång
                Gävle
                Göteborg
                Götene
                Habo
                Hagfors
                Hallsberg
                Hallstahammar
                Halmstad
                Hammarö
                Haninge
                Heby
                Hedemora
                Helsingborg
                Herrljunga
                Hjo
                Hofors
                Huddinge
                Hudiksvall
                Hultsfred
                Hylte
                Håbo
                Hällefors
                Härnösand
                Härryda
                Hässleholm
                Höganäs
                Högsby
                Hörby
                Höör
                Järfälla
                Jönköping
                Kalmar
                Karlsborg
                Karlshamn
                Karlskoga
                Karlskrona
                Karlstad
                Katrineholm
                Kil
                Kinda
                Klippan
                Knivsta
                Kramfors
                Kristianstad
                Kristinehamn
                Kumla
                Kungsbacka
                Kungsör
                Kungälv
                Kävlinge
                Köping
                Laholm
                Landskrona
                Laxå
                Lekeberg
                Leksand
                Lerum
                Lessebo
                Lidingö
                Lidköping
                Lilla Edet
                Lindesberg
                Linköping
                Ljungby
                Ljusnarsberg
                Lomma
                Ludvika
                Luleå
                Lund
                Lycksele
                Lysekil
                Malmö
                Malung
                Mariestad
                Mark
                Markaryd
                Mellerud
                Mjölby
                Mora
                Motala
                Mullsjö
                Munkedal
                Munkfors
                Mölndal
                Mönsterås
                Mörbylånga
                Nacka
                Nora
                Norberg
                Nordmaling
                Norrköping
                Norrtälje
                Norsjö
                Nybro
                Nykvarn
                Nyköping
                Nynäshamn
                Nässjö
                Ockelbo
                Olofström
                Orust
                Osby
                Oskarshamn
                Ovanåker
                Oxelösund
                Partille
                Perstorp
                Piteå
                Ragunda
                Robertsfors
                Ronneby
                Rättvik
                Sala
                Salem
                Sandviken
                Sigtuna
                Simrishamn
                Sjöbo
                Skara
                Skellefteå
                Skinnskatteberg
                Skurup
                Skövde
                Smedjebacken
                Sollefteå
                Sollentuna
                Solna
                Sotenäs
                Staffanstorp
                Stenungsund
                Stockholm
                Storfors
                Strängnäs
                Strömstad
                Sundbyberg
                Sundsvall
                Sunne
                Surahammar
                Svalöv
                Svedala
                Svenljunga
                Säffle
                Säter
                Sävsjö
                Söderhamn
                Söderköping
                Södertälje
                Sölvesborg
                Tanum
                Tibro
                Tidaholm
                Tierp
                Timrå
                Tingsryd
                Tjörn
                Tomelilla
                Torsby
                Torsås
                Tranemo
                Tranås
                Trelleborg
                Trollhättan
                Trosa
                Tyresö
                Täby
                Töreboda
                Uddevalla
                Ulricehamn
                Umeå
                Upplands Väsby
                Upplands-Bro
                Uppsala
                Uppvidinge
                Vadstena
                Vaggeryd
                Valdemarsvik
                Vallentuna
                Vansbro
                Vara
                Varberg
                Vaxholm
                Vellinge
                Vetlanda
                Vimmerby
                Vindeln
                Vingåker
                Vårgårda
                Vänersborg
                Vännäs
                Värmdö
                Värnamo
                Västervik
                Västerås
                Växjö
                Ydre
                Ystad
                Åmål
                Ånge
                Årjäng
                Åsele
                Åstorp
                Åtvidaberg
                Älmhult
                Älvkarleby
                Ängelholm
                Öckerö
                Ödeshög
                Örebro
                Örkelljunga
                Örnsköldsvik
                Östersund
                Österåker
                Östhammar
                Östra Göinge
        
    ')]' not found)]]></system-out>
      <system-err><![CDATA[2018-05-08 12:21:24 - [TEST_SUITE][FAILED] - Customer Portal: Test Cases/Municipality dropdown field-start page FAILED because (of) Unable to click on object 'Object Repository/Start page elements/Municipality select field' (Root cause: com.kms.katalon.core.webui.exception.WebElementNotFoundException: Web element with id: 'Object Repository/Start page elements/Municipality select field' located by 'By.xpath: //select[@name = 'BuildMunicipality' and (text() = '
        -- Välj --

            
                    Norrköping-Björkalund
                    Uppsala - Kumla trädgårdsgata
                    Varberg - Smeakalles äng
            

        
                Ale
                Alingsås
                Alvesta
                Arboga
                Arvika
                Askersund
                Avesta
                Bengtsfors
                Bjurholm
                Bjuv
                Boden
                Bollebygd
                Bollnäs
                Borgholm
                Borlänge
                Borås
                Botkyrka
                Boxholm
                Bromölla
                Bräcke
                Burlöv
                Båstad
                Dals-Ed
                Danderyd
                Degerfors
                Eda
                Ekerö
                Eksjö
                Emmaboda
                Enköping
                Eskilstuna
                Eslöv
                Essunga
                Fagersta
                Falkenberg
                Falköping
                Falun
                Filipstad
                Finspång
                Flen
                Forshaga
                Färgelanda
                Gagnef
                Gislaved
                Gnesta
                Gnosjö
                Gotland
                Grums
                Grästorp
                Gullspång
                Gävle
                Göteborg
                Götene
                Habo
                Hagfors
                Hallsberg
                Hallstahammar
                Halmstad
                Hammarö
                Haninge
                Heby
                Hedemora
                Helsingborg
                Herrljunga
                Hjo
                Hofors
                Huddinge
                Hudiksvall
                Hultsfred
                Hylte
                Håbo
                Hällefors
                Härnösand
                Härryda
                Hässleholm
                Höganäs
                Högsby
                Hörby
                Höör
                Järfälla
                Jönköping
                Kalmar
                Karlsborg
                Karlshamn
                Karlskoga
                Karlskrona
                Karlstad
                Katrineholm
                Kil
                Kinda
                Klippan
                Knivsta
                Kramfors
                Kristianstad
                Kristinehamn
                Kumla
                Kungsbacka
                Kungsör
                Kungälv
                Kävlinge
                Köping
                Laholm
                Landskrona
                Laxå
                Lekeberg
                Leksand
                Lerum
                Lessebo
                Lidingö
                Lidköping
                Lilla Edet
                Lindesberg
                Linköping
                Ljungby
                Ljusnarsberg
                Lomma
                Ludvika
                Luleå
                Lund
                Lycksele
                Lysekil
                Malmö
                Malung
                Mariestad
                Mark
                Markaryd
                Mellerud
                Mjölby
                Mora
                Motala
                Mullsjö
                Munkedal
                Munkfors
                Mölndal
                Mönsterås
                Mörbylånga
                Nacka
                Nora
                Norberg
                Nordmaling
                Norrköping
                Norrtälje
                Norsjö
                Nybro
                Nykvarn
                Nyköping
                Nynäshamn
                Nässjö
                Ockelbo
                Olofström
                Orust
                Osby
                Oskarshamn
                Ovanåker
                Oxelösund
                Partille
                Perstorp
                Piteå
                Ragunda
                Robertsfors
                Ronneby
                Rättvik
                Sala
                Salem
                Sandviken
                Sigtuna
                Simrishamn
                Sjöbo
                Skara
                Skellefteå
                Skinnskatteberg
                Skurup
                Skövde
                Smedjebacken
                Sollefteå
                Sollentuna
                Solna
                Sotenäs
                Staffanstorp
                Stenungsund
                Stockholm
                Storfors
                Strängnäs
                Strömstad
                Sundbyberg
                Sundsvall
                Sunne
                Surahammar
                Svalöv
                Svedala
                Svenljunga
                Säffle
                Säter
                Sävsjö
                Söderhamn
                Söderköping
                Södertälje
                Sölvesborg
                Tanum
                Tibro
                Tidaholm
                Tierp
                Timrå
                Tingsryd
                Tjörn
                Tomelilla
                Torsby
                Torsås
                Tranemo
                Tranås
                Trelleborg
                Trollhättan
                Trosa
                Tyresö
                Täby
                Töreboda
                Uddevalla
                Ulricehamn
                Umeå
                Upplands Väsby
                Upplands-Bro
                Uppsala
                Uppvidinge
                Vadstena
                Vaggeryd
                Valdemarsvik
                Vallentuna
                Vansbro
                Vara
                Varberg
                Vaxholm
                Vellinge
                Vetlanda
                Vimmerby
                Vindeln
                Vingåker
                Vårgårda
                Vänersborg
                Vännäs
                Värmdö
                Värnamo
                Västervik
                Västerås
                Växjö
                Ydre
                Ystad
                Åmål
                Ånge
                Årjäng
                Åsele
                Åstorp
                Åtvidaberg
                Älmhult
                Älvkarleby
                Ängelholm
                Öckerö
                Ödeshög
                Örebro
                Örkelljunga
                Örnsköldsvik
                Östersund
                Österåker
                Östhammar
                Östra Göinge
        
    ' or . = '
        -- Välj --

            
                    Norrköping-Björkalund
                    Uppsala - Kumla trädgårdsgata
                    Varberg - Smeakalles äng
            

        
                Ale
                Alingsås
                Alvesta
                Arboga
                Arvika
                Askersund
                Avesta
                Bengtsfors
                Bjurholm
                Bjuv
                Boden
                Bollebygd
                Bollnäs
                Borgholm
                Borlänge
                Borås
                Botkyrka
                Boxholm
                Bromölla
                Bräcke
                Burlöv
                Båstad
                Dals-Ed
                Danderyd
                Degerfors
                Eda
                Ekerö
                Eksjö
                Emmaboda
                Enköping
                Eskilstuna
                Eslöv
                Essunga
                Fagersta
                Falkenberg
                Falköping
                Falun
                Filipstad
                Finspång
                Flen
                Forshaga
                Färgelanda
                Gagnef
                Gislaved
                Gnesta
                Gnosjö
                Gotland
                Grums
                Grästorp
                Gullspång
                Gävle
                Göteborg
                Götene
                Habo
                Hagfors
                Hallsberg
                Hallstahammar
                Halmstad
                Hammarö
                Haninge
                Heby
                Hedemora
                Helsingborg
                Herrljunga
                Hjo
                Hofors
                Huddinge
                Hudiksvall
                Hultsfred
                Hylte
                Håbo
                Hällefors
                Härnösand
                Härryda
                Hässleholm
                Höganäs
                Högsby
                Hörby
                Höör
                Järfälla
                Jönköping
                Kalmar
                Karlsborg
                Karlshamn
                Karlskoga
                Karlskrona
                Karlstad
                Katrineholm
                Kil
                Kinda
                Klippan
                Knivsta
                Kramfors
                Kristianstad
                Kristinehamn
                Kumla
                Kungsbacka
                Kungsör
                Kungälv
                Kävlinge
                Köping
                Laholm
                Landskrona
                Laxå
                Lekeberg
                Leksand
                Lerum
                Lessebo
                Lidingö
                Lidköping
                Lilla Edet
                Lindesberg
                Linköping
                Ljungby
                Ljusnarsberg
                Lomma
                Ludvika
                Luleå
                Lund
                Lycksele
                Lysekil
                Malmö
                Malung
                Mariestad
                Mark
                Markaryd
                Mellerud
                Mjölby
                Mora
                Motala
                Mullsjö
                Munkedal
                Munkfors
                Mölndal
                Mönsterås
                Mörbylånga
                Nacka
                Nora
                Norberg
                Nordmaling
                Norrköping
                Norrtälje
                Norsjö
                Nybro
                Nykvarn
                Nyköping
                Nynäshamn
                Nässjö
                Ockelbo
                Olofström
                Orust
                Osby
                Oskarshamn
                Ovanåker
                Oxelösund
                Partille
                Perstorp
                Piteå
                Ragunda
                Robertsfors
                Ronneby
                Rättvik
                Sala
                Salem
                Sandviken
                Sigtuna
                Simrishamn
                Sjöbo
                Skara
                Skellefteå
                Skinnskatteberg
                Skurup
                Skövde
                Smedjebacken
                Sollefteå
                Sollentuna
                Solna
                Sotenäs
                Staffanstorp
                Stenungsund
                Stockholm
                Storfors
                Strängnäs
                Strömstad
                Sundbyberg
                Sundsvall
                Sunne
                Surahammar
                Svalöv
                Svedala
                Svenljunga
                Säffle
                Säter
                Sävsjö
                Söderhamn
                Söderköping
                Södertälje
                Sölvesborg
                Tanum
                Tibro
                Tidaholm
                Tierp
                Timrå
                Tingsryd
                Tjörn
                Tomelilla
                Torsby
                Torsås
                Tranemo
                Tranås
                Trelleborg
                Trollhättan
                Trosa
                Tyresö
                Täby
                Töreboda
                Uddevalla
                Ulricehamn
                Umeå
                Upplands Väsby
                Upplands-Bro
                Uppsala
                Uppvidinge
                Vadstena
                Vaggeryd
                Valdemarsvik
                Vallentuna
                Vansbro
                Vara
                Varberg
                Vaxholm
                Vellinge
                Vetlanda
                Vimmerby
                Vindeln
                Vingåker
                Vårgårda
                Vänersborg
                Vännäs
                Värmdö
                Värnamo
                Västervik
                Västerås
                Växjö
                Ydre
                Ystad
                Åmål
                Ånge
                Årjäng
                Åsele
                Åstorp
                Åtvidaberg
                Älmhult
                Älvkarleby
                Ängelholm
                Öckerö
                Ödeshög
                Örebro
                Örkelljunga
                Örnsköldsvik
                Östersund
                Österåker
                Östhammar
                Östra Göinge
        
    ')]' not found)]]></system-err>
   </testsuite>
</testsuites>
