<?xml version="1.0" encoding="UTF-8"?>
<testsuites name="Customer Portal" time="34" tests="4" failures="0" errors="0">
   <testsuite name="Customer Portal" tests="4" failures="0" errors="0" time="34" timestamp="2018-05-07 16:58:40" hostname="Neethu.v - Neethu-v.Bridgeglobal.local" id="Test Suites/Customer Portal">
      <properties>
         <property name="deviceName" value=""/>
         <property name="devicePlatform" value=""/>
         <property name="logFolder" value="E:\\Ahus-Katalon-Git\\Reports\\Customer Portal\\20180507_165839"/>
         <property name="logFiles" value="E:\\Ahus-Katalon-Git\\Reports\\Customer Portal\\20180507_165839\\execution0.log"/>
         <property name="attachments" value=""/>
         <property name="hostName" value="Neethu.v - Neethu-v.Bridgeglobal.local"/>
         <property name="os" value="Windows 10 64bit"/>
         <property name="katalonVersion" value="5.4.1.1"/>
         <property name="browser" value="Firefox 56.0"/>
         <property name="hostAddress" value="172.16.12.26"/>
         <property name="sessionId" value="4833e0d2-2323-4c7b-80ba-e7b149548d68"/>
         <property name="seleniumVersion" value="3.7.1"/>
         <property name="proxyInformation" value="ProxyInformation{proxyOption=NO_PROXY, proxyServerType=HTTP, password=, proxyServerAddress=, proxyServerPort=0}"/>
         <property name="platform" value="Windows 10"/>
      </properties>
      <testcase name="Test Cases/Start page" classname="Test Cases/Start page" status="PASSED">
         <system-out><![CDATA[2018-05-07 16:58:41 - [TEST_CASE][PASSED] - Test Cases/Start page: Test Cases/Start page

2018-05-07 16:58:41 - [TEST_STEP][PASSED] - openBrowser: Browser is opened with url: ''

2018-05-07 16:58:52 - [MESSAGE][PASSED] - Browser is opened with url: ''

2018-05-07 16:58:52 - [TEST_STEP][PASSED] - maximizeWindow: Current window maximized

2018-05-07 16:58:52 - [MESSAGE][PASSED] - Current window maximized

2018-05-07 16:58:52 - [TEST_STEP][PASSED] - navigateToUrl: Navigate to 'http://ahusonline.utv.derome.se/' successfully

2018-05-07 16:59:08 - [MESSAGE][PASSED] - Navigate to 'http://ahusonline.utv.derome.se/' successfully

2018-05-07 16:59:08 - [TEST_STEP][PASSED] - waitForPageLoad: Wait for page load successfully

2018-05-07 16:59:08 - [MESSAGE][PASSED] - Wait for page load successfully

2018-05-07 16:59:08 - [TEST_STEP][PASSED] - click: Object: 'Object Repository/Customer registration from HB/Close - strt page popup' is clicked on

2018-05-07 16:59:08 - [MESSAGE][PASSED] - Object: 'Object Repository/Customer registration from HB/Close - strt page popup' is clicked on]]></system-out>
         <system-err><![CDATA[]]></system-err>
      </testcase>
      <testcase name="Test Cases/Customer-Login" classname="Test Cases/Customer-Login" status="PASSED">
         <system-out><![CDATA[2018-05-07 16:59:08 - [TEST_CASE][PASSED] - Test Cases/Customer-Login: Test Cases/Customer-Login

2018-05-07 16:59:09 - [TEST_STEP][PASSED] - click: Object: 'Object Repository/Customer registration from HB/a_Login' is clicked on

2018-05-07 16:59:10 - [MESSAGE][PASSED] - Object: 'Object Repository/Customer registration from HB/a_Login' is clicked on

2018-05-07 16:59:10 - [TEST_STEP][PASSED] - setText: Text 'neethu@ahus.com' is set on object 'Object Repository/Login-username'

2018-05-07 16:59:12 - [MESSAGE][PASSED] - Text 'neethu@ahus.com' is set on object 'Object Repository/Login-username'

2018-05-07 16:59:12 - [TEST_STEP][PASSED] - setText: Text '1234' is set on object 'Object Repository/Login-password'

2018-05-07 16:59:13 - [MESSAGE][PASSED] - Text '1234' is set on object 'Object Repository/Login-password'

2018-05-07 16:59:13 - [TEST_STEP][PASSED] - click: Object: 'Object Repository/button_Logga in' is clicked on

2018-05-07 16:59:13 - [MESSAGE][PASSED] - Object: 'Object Repository/button_Logga in' is clicked on

2018-05-07 16:59:13 - [TEST_STEP][PASSED] - waitForPageLoad: Wait for page load successfully

2018-05-07 16:59:13 - [MESSAGE][PASSED] - Wait for page load successfully]]></system-out>
         <system-err><![CDATA[]]></system-err>
      </testcase>
      <testcase name="Test Cases/Move to Start Page" classname="Test Cases/Move to Start Page" status="PASSED">
         <system-out><![CDATA[2018-05-07 16:59:13 - [TEST_CASE][PASSED] - Test Cases/Move to Start Page: Test Cases/Move to Start Page

2018-05-07 16:59:13 - [TEST_STEP][PASSED] - click: Object: 'Object Repository/Move to home page from logged in' is clicked on

2018-05-07 16:59:13 - [MESSAGE][PASSED] - Object: 'Object Repository/Move to home page from logged in' is clicked on]]></system-out>
         <system-err><![CDATA[]]></system-err>
      </testcase>
      <testcase name="Test Cases/Municipality dropdown field-start page" classname="Test Cases/Municipality dropdown field-start page" status="PASSED">
         <system-out><![CDATA[2018-05-07 16:59:13 - [TEST_CASE][PASSED] - Test Cases/Municipality dropdown field-start page: Test Cases/Municipality dropdown field-start page

2018-05-07 16:59:13 - [TEST_STEP][PASSED] - click: Object: 'Object Repository/Start page elements/Municipality select field' is clicked on

2018-05-07 16:59:15 - [MESSAGE][PASSED] - Object: 'Object Repository/Start page elements/Municipality select field' is clicked on]]></system-out>
         <system-err><![CDATA[]]></system-err>
      </testcase>
      <system-out><![CDATA[2018-05-07 16:58:40 - [TEST_SUITE][PASSED] - Customer Portal: Test Cases/Municipality dropdown field-start page]]></system-out>
      <system-err><![CDATA[]]></system-err>
   </testsuite>
</testsuites>
